...patience...
...patience...
...found 1675 targets...
...updating 8 targets...
doxygen-action ../../../../bin.v2/libs/assign/v2/doc/darwin-4.2.1/debug/ref-xml.xml-dir
/usr/local/trunk/boost/assign/v2/detail/type_traits/container/ptr_to_value.hpp:28: Warning: Compound boost::assign::v2::container_type_traits::ptr_to_value::is_applicable is not documented.
/usr/local/trunk/boost/assign/v2/detail/type_traits/container/is_map.hpp:22: Warning: Compound boost::assign::v2::container_tag::map is not documented.
/usr/local/trunk/boost/assign/v2/anon/cont.hpp:40: Warning: Compound boost::assign::v2::result_of_modulo::new_fun< anon_aux::cont< T, F, Tag > >::apply is not documented.
/usr/local/trunk/boost/assign/v2/detail/type_traits/container/is_sorted.hpp:38: Warning: Compound boost::assign::v2::container_type_traits::is_sorted is not documented.
/usr/local/trunk/boost/assign/v2/detail/type_traits/container/is_set.hpp:32: Warning: Compound boost::assign::v2::container_type_traits::is_set_impl< std::set< K, C, A > > is not documented.
/usr/local/trunk/boost/assign/v2/detail/type_traits/container/is_map.hpp:32: Warning: Compound boost::assign::v2::container_type_traits::is_map_impl< std::map< K, D, C, A > > is not documented.
/usr/local/trunk/boost/assign/v2/detail/type_traits/container/is_range.hpp:18: Warning: Compound boost::assign::v2::container_tag::range is not documented.
/usr/local/trunk/boost/assign/v2/detail/type_traits/container/ptr_to_value.hpp:59: Warning: Compound boost::assign::v2::container_type_traits::ptr_to_value_aux::static_array_like is not documented.
/usr/local/trunk/boost/assign/v2/detail/type_traits/container/is_lifo.hpp:22: Warning: Compound boost::assign::v2::container_tag::lifo is not documented.
/usr/local/trunk/boost/assign/v2/put/range/convert.hpp:21: Warning: Compound boost::assign::v2::convert_aux::adaptor is not documented.
/usr/local/trunk/boost/assign/v2/detail/type_traits/container/ptr_to_value.hpp:111: Warning: Compound boost::assign::v2::container_type_traits::ptr_to_value_aux::unordered_map_like is not documented.
/usr/local/trunk/boost/assign/v2/detail/type_traits/container/ptr_to_value.hpp:46: Warning: Compound boost::assign::v2::container_type_traits::ptr_to_value_aux::common::is_applicable is not documented.
/usr/local/trunk/boost/assign/v2/detail/type_traits/container/is_set.hpp:27: Warning: Compound boost::assign::v2::container_type_traits::is_set_impl is not documented.
/usr/local/trunk/boost/assign/v2/detail/type_traits/value.hpp:23: Warning: Compound boost::assign::v2::type_traits::value_impl is not documented.
/usr/local/trunk/boost/assign/v2/detail/type_traits/container/has_static_size.hpp:27: Warning: Compound boost::assign::v2::container_type_traits::has_static_size::sfinae is not documented.
/usr/local/trunk/boost/assign/v2/detail/type_traits/meta_convert.hpp:24: Warning: Compound boost::assign::v2::type_traits::meta_convert::apply is not documented.
/usr/local/trunk/boost/assign/v2/put/compose/tag.hpp:18: Warning: Compound boost::assign::v2::put_compose_aux::compose_tag is not documented.
/usr/local/trunk/boost/assign/v2/detail/type_traits/has_value_type.hpp:22: Warning: Compound boost::assign::v2::type_traits::has_value_type is not documented.
/usr/local/trunk/boost/assign/v2/detail/type_traits/value.hpp:28: Warning: Compound boost::assign::v2::type_traits::value is not documented.
/usr/local/trunk/boost/assign/v2/anon/cont.hpp:61: Warning: Compound boost::assign::v2::anon_aux::cont_modifier_traits is not documented.
/usr/local/trunk/boost/assign/v2/detail/type_traits/container/has_static_size.hpp:40: Warning: Compound boost::assign::v2::container_type_traits::has_static_size< boost::ptr_array< T, N, C > > is not documented.
/usr/local/trunk/boost/assign/v2/detail/type_traits/same_remove_cv.hpp:24: Warning: Compound boost::assign::v2::type_traits::same_remove_cv is not documented.
/usr/local/trunk/boost/assign/v2/detail/type_traits/container/ptr_to_value.hpp:189: Warning: Compound boost::assign::v2::container_type_traits::ptr_to_value< boost::ptr_vector< T, C, A > > is not documented.
/usr/local/trunk/boost/assign/v2/detail/type_traits/container/is_static_array.hpp:40: Warning: Compound boost::assign::v2::container_type_traits::is_static_array is not documented.
/usr/local/trunk/boost/assign/v2/detail/type_traits/container/is_static_array.hpp:27: Warning: Compound boost::assign::v2::container_tag::static_array is not documented.
/usr/local/trunk/boost/assign/v2/detail/type_traits/is_stl_pair.hpp:26: Warning: Compound boost::assign::v2::type_traits::is_stl_pair is not documented.
/usr/local/trunk/boost/assign/v2/detail/type_traits/container/is_map.hpp:38: Warning: Compound boost::assign::v2::container_type_traits::is_map is not documented.
/usr/local/trunk/boost/assign/v2/anon/cont.hpp:57: Warning: Compound boost::assign::v2::anon_aux::impl is not documented.
/usr/local/trunk/boost/assign/v2/detail/type_traits/container/is_fifo.hpp:27: Warning: Compound boost::assign::v2::container_type_traits::is_fifo_impl is not documented.
/usr/local/trunk/boost/assign/v2/detail/type_traits/container/is_set.hpp:22: Warning: Compound boost::assign::v2::container_tag::set is not documented.
/usr/local/trunk/boost/assign/v2/detail/type_traits/container/ptr_to_value.hpp:38: Warning: Compound boost::assign::v2::container_type_traits::ptr_to_value_aux::allocator< std::allocator< void * >, T > is not documented.
/usr/local/trunk/boost/assign/v2/detail/type_traits/container/ptr_to_value.hpp:34: Warning: Compound boost::assign::v2::container_type_traits::ptr_to_value_aux::allocator is not documented.
/usr/local/trunk/boost/assign/v2/detail/type_traits/container/is_map.hpp:27: Warning: Compound boost::assign::v2::container_type_traits::is_map_impl is not documented.
/usr/local/trunk/boost/assign/v2/detail/type_traits/container/is_lifo.hpp:30: Warning: Compound boost::assign::v2::container_type_traits::is_lifo_impl< std::stack< T, A > > is not documented.
/usr/local/trunk/boost/assign/v2/detail/type_traits/container/ptr_to_value_container.hpp:20: Warning: Compound boost::assign::v2::container_type_traits::ptr_to_value_container is not documented.
/usr/local/trunk/boost/assign/v2/detail/type_traits/container/is_range.hpp:23: Warning: Compound boost::assign::v2::container_type_traits::is_range is not documented.
/usr/local/trunk/boost/assign/v2/detail/type_traits/container/value_container.hpp:27: Warning: Compound boost::assign::v2::container_type_traits::value_container is not documented.
/usr/local/trunk/boost/assign/v2/detail/type_traits/decay.hpp:28: Warning: Compound boost::assign::v2::type_traits::decay is not documented.
/usr/local/trunk/boost/assign/v2/detail/type_traits/container/has_push.hpp:32: Warning: Compound boost::assign::v2::container_type_traits::has_push::helper is not documented.
/usr/local/trunk/boost/assign/v2/detail/type_traits/container/ptr_to_value.hpp:77: Warning: Compound boost::assign::v2::container_type_traits::ptr_to_value_aux::seq_like is not documented.
/usr/local/trunk/boost/assign/v2/detail/type_traits/container/ptr_to_value.hpp:151: Warning: Compound boost::assign::v2::container_type_traits::ptr_to_value< boost::ptr_array< T, N, A > > is not documented.
/usr/local/trunk/boost/assign/v2/detail/type_traits/container/value.hpp:34: Warning: Compound boost::assign::v2::container_type_traits::value is not documented.
/usr/local/trunk/boost/assign/v2/detail/type_traits/container/is_ptr_container.hpp:22: Warning: Compound boost::assign::v2::container_type_traits::is_ptr_container is not documented.
/usr/local/trunk/boost/assign/v2/detail/type_traits/container/ptr_to_value.hpp:26: Warning: Compound boost::assign::v2::container_type_traits::ptr_to_value is not documented.
/usr/local/trunk/boost/assign/v2/detail/type_traits/container/is_static_array.hpp:34: Warning: Compound boost::assign::v2::container_type_traits::is_static_array_impl is not documented.
/usr/local/trunk/boost/assign/v2/detail/type_traits/container/ptr_to_value.hpp:125: Warning: Compound boost::assign::v2::container_type_traits::ptr_to_value_aux::unordered_set_like is not documented.
/usr/local/trunk/boost/assign/v2/detail/type_traits/is_stl_pair.hpp:29: Warning: Compound boost::assign::v2::type_traits::is_stl_pair< std::pair< T, U > > is not documented.
/usr/local/trunk/boost/assign/v2/detail/type_traits/container/has_push.hpp:50: Warning: Compound boost::assign::v2::container_type_traits::has_push_deduced_value is not documented.
/usr/local/trunk/boost/assign/v2/detail/type_traits/container/is_set.hpp:38: Warning: Compound boost::assign::v2::container_type_traits::is_set is not documented.
/usr/local/trunk/boost/assign/v2/detail/type_traits/container/is_sorted.hpp:21: Warning: Compound boost::assign::v2::container_tag::sorted is not documented.
/usr/local/trunk/boost/assign/v2/detail/type_traits/container/is_associative.hpp:28: Warning: Compound boost::assign::v2::container_type_traits::is_associative is not documented.
/usr/local/trunk/boost/assign/v2/detail/type_traits/container/is_sorted.hpp:29: Warning: Compound boost::assign::v2::container_type_traits::is_sorted_impl< std::set< T, C, A > > is not documented.
/usr/local/trunk/boost/assign/v2/detail/type_traits/container/static_size.hpp:23: Warning: Compound boost::assign::v2::container_type_traits::static_size is not documented.
/usr/local/trunk/boost/assign/v2/detail/type_traits/container/ptr_to_value.hpp:87: Warning: Compound boost::assign::v2::container_type_traits::ptr_to_value_aux::map_like is not documented.
/usr/local/trunk/boost/assign/v2/put/range/adaptor.hpp:21: Warning: Compound boost::assign::v2::put_range_aux::adaptor1 is not documented.
/usr/local/trunk/boost/assign/v2/put/range/adaptor.hpp:29: Warning: Compound boost::assign::v2::put_range_aux::adaptor2 is not documented.
/usr/local/trunk/boost/assign/v2/detail/type_traits/container/is_fifo.hpp:30: Warning: Compound boost::assign::v2::container_type_traits::is_fifo_impl< std::queue< T, A > > is not documented.
/usr/local/trunk/boost/assign/v2/detail/type_traits/container/is_fifo.hpp:36: Warning: Compound boost::assign::v2::container_type_traits::is_fifo is not documented.
/usr/local/trunk/boost/assign/v2/detail/type_traits/container/forward_to_value.hpp:23: Warning: Compound boost::assign::v2::container_type_traits::forward_to_value is not documented.
/usr/local/trunk/boost/assign/v2/detail/type_traits/container/ptr_to_value.hpp:44: Warning: Compound boost::assign::v2::container_type_traits::ptr_to_value_aux::common is not documented.
/usr/local/trunk/boost/assign/v2/detail/type_traits/container/ptr_to_value.hpp:165: Warning: Compound boost::assign::v2::container_type_traits::ptr_to_value< boost::ptr_deque< T, C, A > > is not documented.
/usr/local/trunk/boost/assign/v2/detail/type_traits/container/static_size.hpp:40: Warning: Compound boost::assign::v2::container_type_traits::static_size< boost::ptr_array< T, N, C > > is not documented.
/usr/local/trunk/boost/assign/v2/detail/type_traits/meta_convert.hpp:21: Warning: Compound boost::assign::v2::type_traits::meta_convert is not documented.
/usr/local/trunk/boost/assign/v2/detail/type_traits/container/has_push.hpp:26: Warning: Compound boost::assign::v2::container_type_traits::has_push is not documented.
/usr/local/trunk/boost/assign/v2/detail/type_traits/container/is_sorted.hpp:26: Warning: Compound boost::assign::v2::container_type_traits::is_sorted_impl is not documented.
/usr/local/trunk/boost/assign/v2/anon/cont.hpp:37: Warning: Compound boost::assign::v2::result_of_modulo::new_fun< anon_aux::cont< T, F, Tag > > is not documented.
/usr/local/trunk/boost/assign/v2/detail/type_traits/container/ptr_to_value.hpp:63: Warning: Compound boost::assign::v2::container_type_traits::ptr_to_value_aux::static_array_like::is_applicable is not documented.
/usr/local/trunk/boost/assign/v2/detail/type_traits/container/ptr_to_value.hpp:99: Warning: Compound boost::assign::v2::container_type_traits::ptr_to_value_aux::set_like is not documented.
/usr/local/trunk/boost/assign/v2/detail/type_traits/container/is_lifo.hpp:27: Warning: Compound boost::assign::v2::container_type_traits::is_lifo_impl is not documented.
/usr/local/trunk/boost/assign/v2/anon/make.hpp:26: Warning: Compound boost::assign::v2::result_of::anon is not documented.
/usr/local/trunk/boost/assign/v2/detail/type_traits/container/is_sorted.hpp:32: Warning: Compound boost::assign::v2::container_type_traits::is_sorted_impl< std::map< K, T, C, A > > is not documented.
/usr/local/trunk/boost/assign/v2/detail/type_traits/container/ptr_to_value.hpp:177: Warning: Compound boost::assign::v2::container_type_traits::ptr_to_value< boost::ptr_list< T, C, A > > is not documented.
/usr/local/trunk/boost/assign/v2/anon/cont.hpp:46: Warning: Compound boost::assign::v2::result_of_modulo::new_modifier< anon_aux::cont< T, F, Tag > > is not documented.
/usr/local/trunk/boost/assign/v2/anon/cont.hpp:72: Warning: Compound boost::assign::v2::anon_aux::cont is not documented.
/usr/local/trunk/boost/assign/v2/detail/type_traits/container/has_static_size.hpp:21: Warning: Compound boost::assign::v2::container_type_traits::has_static_size is not documented.
/usr/local/trunk/boost/assign/v2/detail/type_traits/container/is_fifo.hpp:22: Warning: Compound boost::assign::v2::container_tag::fifo is not documented.
/usr/local/trunk/boost/assign/v2/anon/cont.hpp:49: Warning: Compound boost::assign::v2::result_of_modulo::new_modifier< anon_aux::cont< T, F, Tag > >::apply is not documented.
/usr/local/trunk/boost/assign/v2/detail/type_traits/container/static_size.hpp:34: Warning: Compound boost::assign::v2::container_type_traits::static_size< boost::array< T, N > > is not documented.
/usr/local/trunk/boost/assign/v2/detail/type_traits/container/is_lifo.hpp:36: Warning: Compound boost::assign::v2::container_type_traits::is_lifo is not documented.
/usr/local/trunk/boost/assign/v2/detail/type_traits/container/is_associative.hpp:20: Warning: Compound boost::assign::v2::container_tag::associative is not documented.
/usr/local/trunk/boost/assign/v2/anon/cont.hpp:57: Warning: Member type (typedef) of class boost::assign::v2::anon_aux::impl is not documented.
/usr/local/trunk/boost/assign/v2/anon/cont.hpp:81: Warning: Member value_type (typedef) of class boost::assign::v2::anon_aux::cont is not documented.
/usr/local/trunk/boost/assign/v2/anon/cont.hpp:82: Warning: Member size_type (typedef) of class boost::assign::v2::anon_aux::cont is not documented.
/usr/local/trunk/boost/assign/v2/anon/cont.hpp:83: Warning: Member iterator (typedef) of class boost::assign::v2::anon_aux::cont is not documented.
/usr/local/trunk/boost/assign/v2/anon/cont.hpp:85: Warning: Member const_iterator (typedef) of class boost::assign::v2::anon_aux::cont is not documented.
/usr/local/trunk/boost/assign/v2/anon/cont.hpp:115: Warning: Member reference (typedef) of class boost::assign::v2::anon_aux::cont is not documented.
/usr/local/trunk/boost/assign/v2/anon/cont.hpp:116: Warning: Member const_reference (typedef) of class boost::assign::v2::anon_aux::cont is not documented.
/usr/local/trunk/boost/assign/v2/anon/cont.hpp:117: Warning: Member difference_type (typedef) of class boost::assign::v2::anon_aux::cont is not documented.
/usr/local/trunk/boost/assign/v2/anon/cont.hpp:89: Warning: Member cont(const F &f) (function) of class boost::assign::v2::anon_aux::cont is not documented.
/usr/local/trunk/boost/assign/v2/anon/cont.hpp:91: Warning: Member cont(impl_ const &v, F const &f) (function) of class boost::assign::v2::anon_aux::cont is not documented.
/usr/local/trunk/boost/assign/v2/anon/cont.hpp:97: Warning: Member cont(impl_ const &v, F const &f, modifier_ const &m) (function) of class boost::assign::v2::anon_aux::cont is not documented.
/usr/local/trunk/boost/assign/v2/anon/cont.hpp:102: Warning: Member begin() (function) of class boost::assign::v2::anon_aux::cont is not documented.
/usr/local/trunk/boost/assign/v2/anon/cont.hpp:105: Warning: Member end() (function) of class boost::assign::v2::anon_aux::cont is not documented.
/usr/local/trunk/boost/assign/v2/anon/cont.hpp:108: Warning: Member begin() const  (function) of class boost::assign::v2::anon_aux::cont is not documented.
/usr/local/trunk/boost/assign/v2/anon/cont.hpp:111: Warning: Member end() const  (function) of class boost::assign::v2::anon_aux::cont is not documented.
/usr/local/trunk/boost/assign/v2/anon/cont.hpp:119: Warning: Member size() const  (function) of class boost::assign::v2::anon_aux::cont is not documented.
/usr/local/trunk/boost/assign/v2/anon/cont.hpp:122: Warning: Member max_size() const  (function) of class boost::assign::v2::anon_aux::cont is not documented.
/usr/local/trunk/boost/assign/v2/anon/cont.hpp:125: Warning: Member empty() const  (function) of class boost::assign::v2::anon_aux::cont is not documented.
/usr/local/trunk/boost/assign/v2/anon/cont.hpp:128: Warning: Member operator[](size_type n) (function) of class boost::assign::v2::anon_aux::cont is not documented.
/usr/local/trunk/boost/assign/v2/anon/cont.hpp:131: Warning: Member operator[](size_type n) const  (function) of class boost::assign::v2::anon_aux::cont is not documented.
/usr/local/trunk/boost/assign/v2/anon/cont.hpp:134: Warning: Member front() (function) of class boost::assign::v2::anon_aux::cont is not documented.
/usr/local/trunk/boost/assign/v2/anon/cont.hpp:137: Warning: Member front() const  (function) of class boost::assign::v2::anon_aux::cont is not documented.
/usr/local/trunk/boost/assign/v2/anon/cont.hpp:140: Warning: Member back() (function) of class boost::assign::v2::anon_aux::cont is not documented.
/usr/local/trunk/boost/assign/v2/anon/cont.hpp:143: Warning: Member back() const  (function) of class boost::assign::v2::anon_aux::cont is not documented.
/usr/local/trunk/boost/assign/v2/anon/cont.hpp:146: Warning: Member pop_front() (function) of class boost::assign::v2::anon_aux::cont is not documented.
/usr/local/trunk/boost/assign/v2/anon/cont.hpp:149: Warning: Member pop_back() (function) of class boost::assign::v2::anon_aux::cont is not documented.
/usr/local/trunk/boost/assign/v2/anon/cont.hpp:152: Warning: Member swap(cont &that) (function) of class boost::assign::v2::anon_aux::cont is not documented.
/usr/local/trunk/boost/assign/v2/anon/cont.hpp:164: Warning: Member unwrap() const  (function) of class boost::assign::v2::anon_aux::cont is not documented.
/usr/local/trunk/boost/assign/v2/anon/cont.hpp:169: Warning: Member equal_to(const R &r) const  (function) of class boost::assign::v2::anon_aux::cont is not documented.
/usr/local/trunk/boost/assign/v2/anon/cont.hpp:175: Warning: Member less_than(const R &r) const  (function) of class boost::assign::v2::anon_aux::cont is not documented.
/usr/local/trunk/boost/assign/v2/anon/cont.hpp:181: Warning: Member impl (variable) of class boost::assign::v2::anon_aux::cont is not documented.
/usr/local/trunk/boost/assign/v2/detail/type_traits/container/has_push.hpp:28: Warning: Member yes_ (typedef) of class boost::assign::v2::container_type_traits::has_push is not documented.
/usr/local/trunk/boost/assign/v2/detail/type_traits/container/has_push.hpp:29: Warning: Member no_ (typedef) of class boost::assign::v2::container_type_traits::has_push is not documented.
/usr/local/trunk/boost/assign/v2/detail/type_traits/container/has_push.hpp:45: Warning: Member type (typedef) of class boost::assign::v2::container_type_traits::has_push is not documented.
/usr/local/trunk/boost/assign/v2/detail/type_traits/container/has_push.hpp:43: Warning: Member BOOST_STATIC_CONSTANT(bool, value=sizeof(test((V *) 0))==sizeof(yes_)) (function) of class boost::assign::v2::container_type_traits::has_push is not documented.
/usr/local/trunk/boost/assign/v2/detail/type_traits/container/has_push.hpp:37: Warning: Member test(U *, helper< U,&U::push > *p=0) (function) of class boost::assign::v2::container_type_traits::has_push is not documented.
/usr/local/trunk/boost/assign/v2/detail/type_traits/container/has_push.hpp:38: Warning: Member test(...) (function) of class boost::assign::v2::container_type_traits::has_push is not documented.
/usr/local/trunk/boost/assign/v2/detail/type_traits/container/has_static_size.hpp:22: Warning: Member size_type (typedef) of class boost::assign::v2::container_type_traits::has_static_size is not documented.
/usr/local/trunk/boost/assign/v2/detail/type_traits/container/has_static_size.hpp:23: Warning: Member yes (typedef) of class boost::assign::v2::container_type_traits::has_static_size is not documented.
/usr/local/trunk/boost/assign/v2/detail/type_traits/container/has_static_size.hpp:24: Warning: Member no)[2] (typedef) of class boost::assign::v2::container_type_traits::has_static_size is not documented.
/usr/local/trunk/boost/assign/v2/detail/type_traits/container/has_static_size.hpp:25: Warning: Member sig (typedef) of class boost::assign::v2::container_type_traits::has_static_size is not documented.
/usr/local/trunk/boost/assign/v2/detail/type_traits/container/has_static_size.hpp:36: Warning: Member type (typedef) of class boost::assign::v2::container_type_traits::has_static_size is not documented.
/usr/local/trunk/boost/assign/v2/detail/type_traits/container/has_static_size.hpp:34: Warning: Member BOOST_STATIC_CONSTANT(bool, value=sizeof(test< T >(0))==sizeof(yes)) (function) of class boost::assign::v2::container_type_traits::has_static_size is not documented.
/usr/local/trunk/boost/assign/v2/detail/type_traits/container/has_static_size.hpp:28: Warning: Member test(sfinae< U, U::static_size > *) (function) of class boost::assign::v2::container_type_traits::has_static_size is not documented.
/usr/local/trunk/boost/assign/v2/detail/type_traits/container/has_static_size.hpp:29: Warning: Member test(...) (function) of class boost::assign::v2::container_type_traits::has_static_size is not documented.
/usr/local/trunk/boost/assign/v2/detail/type_traits/container/ptr_to_value_container.hpp:21: Warning: Member type (typedef) of class boost::assign::v2::container_type_traits::ptr_to_value_container is not documented.
Searching for include files...
Searching for example files...
Searching for images...
Searching for dot files...
Searching for files to exclude
Searching for files to process...
Reading and parsing tag files
Preprocessing /usr/local/trunk/boost/assign/v2/v2.hpp...
Parsing file /usr/local/trunk/boost/assign/v2/v2.hpp...
Preprocessing /usr/local/trunk/boost/assign/v2/anon/anon.hpp...
Parsing file /usr/local/trunk/boost/assign/v2/anon/anon.hpp...
Preprocessing /usr/local/trunk/boost/assign/v2/anon/cont.hpp...
Parsing file /usr/local/trunk/boost/assign/v2/anon/cont.hpp...
Preprocessing /usr/local/trunk/boost/assign/v2/anon/csv.hpp...
Parsing file /usr/local/trunk/boost/assign/v2/anon/csv.hpp...
Preprocessing /usr/local/trunk/boost/assign/v2/anon/make.hpp...
Parsing file /usr/local/trunk/boost/assign/v2/anon/make.hpp...
Preprocessing /usr/local/trunk/boost/assign/v2/chain/chain.hpp...
Parsing file /usr/local/trunk/boost/assign/v2/chain/chain.hpp...
Preprocessing /usr/local/trunk/boost/assign/v2/detail/detail.hpp...
Parsing file /usr/local/trunk/boost/assign/v2/detail/detail.hpp...
Preprocessing /usr/local/trunk/boost/assign/v2/detail/type_traits/decay.hpp...
Parsing file /usr/local/trunk/boost/assign/v2/detail/type_traits/decay.hpp...
Preprocessing /usr/local/trunk/boost/assign/v2/detail/type_traits/has_value_type.hpp...
Parsing file /usr/local/trunk/boost/assign/v2/detail/type_traits/has_value_type.hpp...
Preprocessing /usr/local/trunk/boost/assign/v2/detail/type_traits/is_stl_pair.hpp...
Parsing file /usr/local/trunk/boost/assign/v2/detail/type_traits/is_stl_pair.hpp...
Preprocessing /usr/local/trunk/boost/assign/v2/detail/type_traits/meta_convert.hpp...
Parsing file /usr/local/trunk/boost/assign/v2/detail/type_traits/meta_convert.hpp...
Preprocessing /usr/local/trunk/boost/assign/v2/detail/type_traits/same_remove_cv.hpp...
Parsing file /usr/local/trunk/boost/assign/v2/detail/type_traits/same_remove_cv.hpp...
Preprocessing /usr/local/trunk/boost/assign/v2/detail/type_traits/type_traits.hpp...
Parsing file /usr/local/trunk/boost/assign/v2/detail/type_traits/type_traits.hpp...
Preprocessing /usr/local/trunk/boost/assign/v2/detail/type_traits/value.hpp...
Parsing file /usr/local/trunk/boost/assign/v2/detail/type_traits/value.hpp...
Preprocessing /usr/local/trunk/boost/assign/v2/detail/type_traits/container/container.hpp...
Parsing file /usr/local/trunk/boost/assign/v2/detail/type_traits/container/container.hpp...
Preprocessing /usr/local/trunk/boost/assign/v2/detail/type_traits/container/forward_to_value.hpp...
Parsing file /usr/local/trunk/boost/assign/v2/detail/type_traits/container/forward_to_value.hpp...
Preprocessing /usr/local/trunk/boost/assign/v2/detail/type_traits/container/has_push.hpp...
Parsing file /usr/local/trunk/boost/assign/v2/detail/type_traits/container/has_push.hpp...
Preprocessing /usr/local/trunk/boost/assign/v2/detail/type_traits/container/has_static_size.hpp...
Parsing file /usr/local/trunk/boost/assign/v2/detail/type_traits/container/has_static_size.hpp...
Preprocessing /usr/local/trunk/boost/assign/v2/detail/type_traits/container/is_associative.hpp...
Parsing file /usr/local/trunk/boost/assign/v2/detail/type_traits/container/is_associative.hpp...
Preprocessing /usr/local/trunk/boost/assign/v2/detail/type_traits/container/is_fifo.hpp...
Parsing file /usr/local/trunk/boost/assign/v2/detail/type_traits/container/is_fifo.hpp...
Preprocessing /usr/local/trunk/boost/assign/v2/detail/type_traits/container/is_lifo.hpp...
Parsing file /usr/local/trunk/boost/assign/v2/detail/type_traits/container/is_lifo.hpp...
Preprocessing /usr/local/trunk/boost/assign/v2/detail/type_traits/container/is_map.hpp...
Parsing file /usr/local/trunk/boost/assign/v2/detail/type_traits/container/is_map.hpp...
Preprocessing /usr/local/trunk/boost/assign/v2/detail/type_traits/container/is_ptr_container.hpp...
Parsing file /usr/local/trunk/boost/assign/v2/detail/type_traits/container/is_ptr_container.hpp...
Preprocessing /usr/local/trunk/boost/assign/v2/detail/type_traits/container/is_range.hpp...
Parsing file /usr/local/trunk/boost/assign/v2/detail/type_traits/container/is_range.hpp...
Preprocessing /usr/local/trunk/boost/assign/v2/detail/type_traits/container/is_set.hpp...
Parsing file /usr/local/trunk/boost/assign/v2/detail/type_traits/container/is_set.hpp...
Preprocessing /usr/local/trunk/boost/assign/v2/detail/type_traits/container/is_sorted.hpp...
Parsing file /usr/local/trunk/boost/assign/v2/detail/type_traits/container/is_sorted.hpp...
Preprocessing /usr/local/trunk/boost/assign/v2/detail/type_traits/container/is_static_array.hpp...
Parsing file /usr/local/trunk/boost/assign/v2/detail/type_traits/container/is_static_array.hpp...
Preprocessing /usr/local/trunk/boost/assign/v2/detail/type_traits/container/ptr_to_value.hpp...
Parsing file /usr/local/trunk/boost/assign/v2/detail/type_traits/container/ptr_to_value.hpp...
Preprocessing /usr/local/trunk/boost/assign/v2/detail/type_traits/container/ptr_to_value_container.hpp...
Parsing file /usr/local/trunk/boost/assign/v2/detail/type_traits/container/ptr_to_value_container.hpp...
Preprocessing /usr/local/trunk/boost/assign/v2/detail/type_traits/container/static_size.hpp...
Parsing file /usr/local/trunk/boost/assign/v2/detail/type_traits/container/static_size.hpp...
Preprocessing /usr/local/trunk/boost/assign/v2/detail/type_traits/container/value.hpp...
Parsing file /usr/local/trunk/boost/assign/v2/detail/type_traits/container/value.hpp...
Preprocessing /usr/local/trunk/boost/assign/v2/detail/type_traits/container/value_container.hpp...
Parsing file /usr/local/trunk/boost/assign/v2/detail/type_traits/container/value_container.hpp...
Preprocessing /usr/local/trunk/boost/assign/v2/put/compose/compose.hpp...
Parsing file /usr/local/trunk/boost/assign/v2/put/compose/compose.hpp...
Preprocessing /usr/local/trunk/boost/assign/v2/put/compose/tag.hpp...
Parsing file /usr/local/trunk/boost/assign/v2/put/compose/tag.hpp...
Preprocessing /usr/local/trunk/boost/assign/v2/put/range/adaptor.hpp...
Parsing file /usr/local/trunk/boost/assign/v2/put/range/adaptor.hpp...
Preprocessing /usr/local/trunk/boost/assign/v2/put/range/convert.hpp...
Parsing file /usr/local/trunk/boost/assign/v2/put/range/convert.hpp...
Preprocessing /usr/local/trunk/boost/assign/v2/put/range/range.hpp...
Parsing file /usr/local/trunk/boost/assign/v2/put/range/range.hpp...
Preprocessing /usr/local/trunk/boost/assign/v2/ref/ref.hpp...
Parsing file /usr/local/trunk/boost/assign/v2/ref/ref.hpp...
Building group list...
Building directory list...
Building namespace list...
Building file list...
Building class list...
Associating documentation with classes...
Computing nesting relations for classes...
Building example list...
Searching for enumerations...
Searching for documented typedefs...
Searching for members imported via using declarations...
Searching for included using directives...
Searching for documented variables...
Building member list...
Searching for friends...
Searching for documented defines...
Computing class inheritance relations...
Computing class usage relations...
Flushing cached template relations that have become invalid...
Creating members for template instances...
Computing class relations...
Add enum values to enums...
Searching for member function documentation...
Building page list...
Search for main page...
Computing page relations...
Determining the scope of groups...
Sorting lists...
Freeing entry tree
Determining which enums are documented
Computing member relations...
Building full member lists recursively...
Adding members to member groups.
Computing member references...
Inheriting documentation...
Generating disk names...
Adding source references...
Adding xrefitems...
Counting data structures...
Resolving user defined references...
Finding anchors and sections in the documentation...
Combining using relations...
Adding members to index pages...
Generating style sheet...
Generating index page...
Generating page index...
Generating example documentation...
Generating file sources...
Generating code for file /usr/local/trunk/boost/assign/v2/anon/anon.hpp...
Generating code for file /usr/local/trunk/boost/assign/v2/anon/cont.hpp...
Generating code for file /usr/local/trunk/boost/assign/v2/anon/csv.hpp...
Generating code for file /usr/local/trunk/boost/assign/v2/anon/make.hpp...
Generating code for file /usr/local/trunk/boost/assign/v2/chain/chain.hpp...
Generating code for file /usr/local/trunk/boost/assign/v2/detail/detail.hpp...
Generating code for file /usr/local/trunk/boost/assign/v2/detail/type_traits/container/container.hpp...
Generating code for file /usr/local/trunk/boost/assign/v2/detail/type_traits/container/forward_to_value.hpp...
Generating code for file /usr/local/trunk/boost/assign/v2/detail/type_traits/container/has_push.hpp...
Generating code for file /usr/local/trunk/boost/assign/v2/detail/type_traits/container/has_static_size.hpp...
Generating code for file /usr/local/trunk/boost/assign/v2/detail/type_traits/container/is_associative.hpp...
Generating code for file /usr/local/trunk/boost/assign/v2/detail/type_traits/container/is_fifo.hpp...
Generating code for file /usr/local/trunk/boost/assign/v2/detail/type_traits/container/is_lifo.hpp...
Generating code for file /usr/local/trunk/boost/assign/v2/detail/type_traits/container/is_map.hpp...
Generating code for file /usr/local/trunk/boost/assign/v2/detail/type_traits/container/is_ptr_container.hpp...
Generating code for file /usr/local/trunk/boost/assign/v2/detail/type_traits/container/is_range.hpp...
Generating code for file /usr/local/trunk/boost/assign/v2/detail/type_traits/container/is_set.hpp...
Generating code for file /usr/local/trunk/boost/assign/v2/detail/type_traits/container/is_sorted.hpp...
Generating code for file /usr/local/trunk/boost/assign/v2/detail/type_traits/container/is_static_array.hpp...
Generating code for file /usr/local/trunk/boost/assign/v2/detail/type_traits/container/ptr_to_value.hpp...
Generating code for file /usr/local/trunk/boost/assign/v2/detail/type_traits/container/ptr_to_value_container.hpp...
Generating code for file /usr/local/trunk/boost/assign/v2/detail/type_traits/container/static_size.hpp...
Generating code for file /usr/local/trunk/boost/assign/v2/detail/type_traits/container/value_container.hpp...
Generating code for file /usr/local/trunk/boost/assign/v2/detail/type_traits/decay.hpp...
Generating code for file /usr/local/trunk/boost/assign/v2/detail/type_traits/has_value_type.hpp...
Generating code for file /usr/local/trunk/boost/assign/v2/detail/type_traits/is_stl_pair.hpp...
Generating code for file /usr/local/trunk/boost/assign/v2/detail/type_traits/meta_convert.hpp...
Generating code for file /usr/local/trunk/boost/assign/v2/detail/type_traits/same_remove_cv.hpp...
Generating code for file /usr/local/trunk/boost/assign/v2/detail/type_traits/type_traits.hpp...
Generating code for file /usr/local/trunk/boost/assign/v2/detail/type_traits/value.hpp...
Generating code for file /usr/local/trunk/boost/assign/v2/detail/type_traits/container/value.hpp...
Generating code for file /usr/local/trunk/boost/assign/v2/put/compose/compose.hpp...
Generating code for file /usr/local/trunk/boost/assign/v2/put/compose/tag.hpp...
Generating code for file /usr/local/trunk/boost/assign/v2/put/range/adaptor.hpp...
Generating code for file /usr/local/trunk/boost/assign/v2/put/range/convert.hpp...
Generating code for file /usr/local/trunk/boost/assign/v2/put/range/range.hpp...
Generating code for file /usr/local/trunk/boost/assign/v2/ref/ref.hpp...
Generating code for file /usr/local/trunk/boost/assign/v2/v2.hpp...
Generating file documentation...
Generating page documentation...
Generating group documentation...
Generating group index...
Generating class documentation...
Generating annotated compound index...
Generating alphabetical compound index...
Generating hierarchical class index...
Generating member index...
Generating docs for compound boost::mpl::false_...
Generating docs for compound boost::mpl::identity...
Generating namespace index...
Generating docs for compound boost::assign::v2::anon_aux::impl...
Generating docs for compound boost::assign::v2::anon_aux::cont_modifier_traits...
Generating docs for compound boost::assign::v2::anon_aux::cont...
Generating docs for compound boost::assign::v2::container_tag::associative...
Generating docs for compound boost::assign::v2::container_tag::fifo...
Generating docs for compound boost::assign::v2::container_tag::lifo...
Generating docs for compound boost::assign::v2::container_tag::map...
Generating docs for compound boost::assign::v2::container_tag::range...
Generating docs for compound boost::assign::v2::container_tag::set...
Generating docs for compound boost::assign::v2::container_tag::sorted...
Generating docs for compound boost::assign::v2::container_tag::static_array...
Generating docs for compound boost::assign::v2::container_type_traits::forward_to_value...
Generating docs for compound boost::assign::v2::container_type_traits::has_push...
Generating docs for nested compound boost::assign::v2::container_type_traits::has_push::helper...
Generating docs for compound boost::assign::v2::container_type_traits::has_push_deduced_value...
Generating docs for compound boost::assign::v2::container_type_traits::has_static_size...
Generating docs for nested compound boost::assign::v2::container_type_traits::has_static_size::sfinae...
Generating docs for compound boost::assign::v2::container_type_traits::has_static_size< boost::ptr_array< T, N, C > >...
Generating docs for compound boost::assign::v2::container_type_traits::is_associative...
Generating docs for compound boost::assign::v2::container_type_traits::is_fifo_impl...
Generating docs for compound boost::assign::v2::container_type_traits::is_fifo_impl< std::queue< T, A > >...
Generating docs for compound boost::assign::v2::container_type_traits::is_fifo...
Generating docs for compound boost::assign::v2::container_type_traits::is_lifo_impl...
Generating docs for compound boost::assign::v2::container_type_traits::is_lifo_impl< std::stack< T, A > >...
Generating docs for compound boost::assign::v2::container_type_traits::is_lifo...
Generating docs for compound boost::assign::v2::container_type_traits::is_map_impl...
Generating docs for compound boost::assign::v2::container_type_traits::is_map_impl< std::map< K, D, C, A > >...
Generating docs for compound boost::assign::v2::container_type_traits::is_map...
Generating docs for compound boost::assign::v2::container_type_traits::is_ptr_container...
Generating docs for compound boost::assign::v2::container_type_traits::is_range...
Generating docs for compound boost::assign::v2::container_type_traits::is_set_impl...
Generating docs for compound boost::assign::v2::container_type_traits::is_set_impl< std::set< K, C, A > >...
Generating docs for compound boost::assign::v2::container_type_traits::is_set...
Generating docs for compound boost::assign::v2::container_type_traits::is_sorted_impl...
Generating docs for compound boost::assign::v2::container_type_traits::is_sorted_impl< std::set< T, C, A > >...
Generating docs for compound boost::assign::v2::container_type_traits::is_sorted_impl< std::map< K, T, C, A > >...
Generating docs for compound boost::assign::v2::container_type_traits::is_sorted...
Generating docs for compound boost::assign::v2::container_type_traits::is_static_array_impl...
Generating docs for compound boost::assign::v2::container_type_traits::is_static_array...
Generating docs for compound boost::assign::v2::container_type_traits::ptr_to_value...
Generating docs for nested compound boost::assign::v2::container_type_traits::ptr_to_value::is_applicable...
Generating docs for compound boost::assign::v2::container_type_traits::ptr_to_value< boost::ptr_array< T, N, A > >...
Generating docs for compound boost::assign::v2::container_type_traits::ptr_to_value< boost::ptr_deque< T, C, A > >...
Generating docs for compound boost::assign::v2::container_type_traits::ptr_to_value< boost::ptr_list< T, C, A > >...
Generating docs for compound boost::assign::v2::container_type_traits::ptr_to_value< boost::ptr_vector< T, C, A > >...
Generating docs for compound boost::assign::v2::container_type_traits::ptr_to_value_container...
Generating docs for compound boost::assign::v2::container_type_traits::static_size...
Generat/usr/local/trunk/boost/assign/v2/detail/type_traits/container/ptr_to_value.hpp:39: Warning: Member type (typedef) of class boost::assign::v2::container_type_traits::ptr_to_value_aux::allocator< std::allocator< void * >, T > is not documented.
/usr/local/trunk/boost/assign/v2/detail/type_traits/container/ptr_to_value.hpp:50: Warning: Member value_type (typedef) of class boost::assign::v2::container_type_traits::ptr_to_value_aux::common is not documented.
/usr/local/trunk/boost/assign/v2/detail/type_traits/container/ptr_to_value.hpp:55: Warning: Member allocator_type (typedef) of class boost::assign::v2::container_type_traits::ptr_to_value_aux::common is not documented.
/usr/local/trunk/boost/assign/v2/detail/type_traits/container/ptr_to_value.hpp:67: Warning: Member value_type (typedef) of class boost::assign::v2::container_type_traits::ptr_to_value_aux::static_array_like is not documented.
/usr/local/trunk/boost/assign/v2/detail/type_traits/container/ptr_to_value.hpp:72: Warning: Member container_type (typedef) of class boost::assign::v2::container_type_traits::ptr_to_value_aux::static_array_like is not documented.
/usr/local/trunk/boost/assign/v2/detail/type_traits/container/ptr_to_value.hpp:82: Warning: Member container_type (typedef) of class boost::assign::v2::container_type_traits::ptr_to_value_aux::seq_like is not documented.
/usr/local/trunk/boost/assign/v2/detail/type_traits/container/ptr_to_value.hpp:94: Warning: Member container_type (typedef) of class boost::assign::v2::container_type_traits::ptr_to_value_aux::map_like is not documented.
/usr/local/trunk/boost/assign/v2/detail/type_traits/container/ptr_to_value.hpp:105: Warning: Member container_type (typedef) of class boost::assign::v2::container_type_traits::ptr_to_value_aux::set_like is not documented.
/usr/local/trunk/boost/assign/v2/put/range/adaptor.hpp:22: Warning: Member adaptor1(From const &from) (function) of class boost::assign::v2::put_range_aux::adaptor1 is not documented.
/usr/local/trunk/boost/assign/v2/put/range/adaptor.hpp:23: Warning: Member value (variable) of class boost::assign::v2::put_range_aux::adaptor1 is not documented.
/usr/local/trunk/boost/assign/v2/put/range/adaptor.hpp:33: Warning: Member operator()(const From &from) const  (function) of class boost::assign::v2::put_range_aux::adaptor2 is not documented.
/usr/local/trunk/boost/assign/v2/anon/make.hpp:27: Warning: Member t_ (typedef) of class boost::assign::v2::result_of::anon is not documented.
/usr/local/trunk/boost/assign/v2/anon/make.hpp:28: Warning: Member cont_ (typedef) of class boost::assign::v2::result_of::anon is not documented.
/usr/local/trunk/boost/assign/v2/anon/make.hpp:29: Warning: Member traits_ (typedef) of class boost::assign::v2::result_of::anon is not documented.
/usr/local/trunk/boost/assign/v2/anon/make.hpp:30: Warning: Member f_ (typedef) of class boost::assign::v2::result_of::anon is not documented.
/usr/local/trunk/boost/assign/v2/anon/make.hpp:31: Warning: Member modifier_tag_ (typedef) of class boost::assign::v2::result_of::anon is not documented.
/usr/local/trunk/boost/assign/v2/anon/make.hpp:32: Warning: Member type (typedef) of class boost::assign::v2::result_of::anon is not documented.
/usr/local/trunk/boost/assign/v2/anon/cont.hpp:40: Warning: Member type (typedef) of class boost::assign::v2::result_of_modulo::new_fun< anon_aux::cont< T, F, Tag > >::apply is not documented.
/usr/local/trunk/boost/assign/v2/anon/cont.hpp:49: Warning: Member type (typedef) of class boost::assign::v2::result_of_modulo::new_modifier< anon_aux::cont< T, F, Tag > >::apply is not documented.
/usr/local/trunk/boost/assign/v2/detail/type_traits/has_value_type.hpp:24: Warning: Member yes_ (typedef) of class boost::assign::v2::type_traits::has_value_type is not documented.
/usr/local/trunk/boost/assign/v2/detail/type_traits/has_value_type.hpp:25: Warning: Member no_ (typedef) of class boost::assign::v2::type_traits::has_value_type is not documented.
/usr/local/trunk/boost/assign/v2/detail/type_traits/has_value_type.hpp:36: Warning: Member type (typedef) of class boost::assign::v2::type_traits::has_value_type is not documented.
/usr/local/trunk/boost/assign/v2/detail/type_traits/has_value_type.hpp:35: Warning: Member BOOST_STATIC_CONSTANT(bool, value=sizeof(test((T *) 0))==sizeof(yes_)) (function) of class boost::assign::v2::type_traits::has_value_type is not documented.
/usr/local/trunk/boost/assign/v2/detail/type_traits/has_value_type.hpp:29: Warning: Member test(U *, typename U::value_type *p=0) (function) of class boost::assign::v2::type_traits::has_value_type is not documented.
/usr/local/trunk/boost/assign/v2/detail/type_traits/has_value_type.hpp:30: Warning: Member test(...) (function) of class boost::assign::v2::type_traits::has_value_type is not documented.
ing docs for compound boost::assign::v2::container_type_traits::static_size< boost::array< T, N > >...
Generating docs for compound boost::assign::v2::container_type_traits::static_size< boost::ptr_array< T, N, C > >...
Generating docs for compound boost::assign::v2::container_type_traits::value...
Generating docs for compound boost::assign::v2::container_type_traits::value_container...
Generating docs for compound boost::assign::v2::container_type_traits::ptr_to_value_aux::allocator...
Generating docs for compound boost::assign::v2::container_type_traits::ptr_to_value_aux::allocator< std::allocator< void * >, T >...
Generating docs for compound boost::assign::v2::container_type_traits::ptr_to_value_aux::common...
Generating docs for nested compound boost::assign::v2::container_type_traits::ptr_to_value_aux::common::is_applicable...
Generating docs for compound boost::assign::v2::container_type_traits::ptr_to_value_aux::static_array_like...
Generating docs for nested compound boost::assign::v2::container_type_traits::ptr_to_value_aux::static_array_like::is_applicable...
Generating docs for compound boost::assign::v2::container_type_traits::ptr_to_value_aux::seq_like...
Generating docs for compound boost::assign::v2::container_type_traits::ptr_to_value_aux::map_like...
Generating docs for compound boost::assign::v2::container_type_traits::ptr_to_value_aux::set_like...
Generating docs for compound boost::assign::v2::container_type_traits::ptr_to_value_aux::unordered_map_like...
Generating docs for compound boost::assign::v2::container_type_traits::ptr_to_value_aux::unordered_set_like...
Generating docs for compound boost::assign::v2::convert_aux::adaptor...
Generating docs for compound boost::assign::v2::put_compose_aux::compose_tag...
Generating docs for compound boost::assign::v2::put_range_aux::adaptor1...
Generating docs for compound boost::assign::v2::put_range_aux::adaptor2...
Generating docs for compound boost::assign::v2::result_of::anon...
Generating docs for compound boost::assign::v2::result_of_modulo::new_fun< anon_aux::cont< T, F, Tag > >...
Generating docs for nested compound boost::assign::v2::result_of_modulo::new_fun< anon_aux::cont< T, F, Tag > >::apply...
Generating docs for compound boost::assign::v2::result_of_modulo::new_modifier< anon_aux::cont< T, F, Tag > >...
Generating docs for nested compound boost::assign::v2::result_of_modulo::new_modifier< anon_aux::cont< T, F, Tag > >::apply...
Generating docs for compound boost::assign::v2::type_traits::decay...
Generating docs for compound boost::assign::v2::type_traits::has_value_type...
Generating docs for compound boost::assign::v2::type_traits::is_stl_pair...
Generating docs for compound boost::assign::v2::type_traits::is_stl_pair< std::pair< T, U > >...
Generating docs for compound boost::assign::v2::type_traits::meta_convert...
Generating docs for nested compound boost::assign::v2::type_traits::meta_convert::apply...
Generating docs for compound boost::assign::v2::type_traits::same_remove_cv...
Generating docs for compound boost::assign::v2::type_traits::value_impl...
Generating docs for compound boost::assign::v2::type_traits::value...
Generating namespace member index...
Generating graph info page...
Generating file index...
Generating example index...
Generating file member index...
Generating XML output...
Generating XML output for class boost::assign::v2::convert_aux::adaptor
Generating XML output for class boost::assign::v2::put_range_aux::adaptor1
Generating XML output for class boost::assign::v2::put_range_aux::adaptor2
Generating XML output for class boost::assign::v2::container_type_traits::ptr_to_value_aux::allocator
Generating XML output for class boost::assign::v2::container_type_traits::ptr_to_value_aux::allocator< std::allocator< void * >, T >
Generating XML output for class boost::assign::v2::result_of::anon
Generating XML output for class boost::assign::v2::result_of_modulo::new_fun< anon_aux::cont< T, F, Tag > >::apply
Generating XML output for class boost::assign::v2::result_of_modulo::new_modifier< anon_aux::cont< T, F, Tag > >::apply
Generating XML output for class boost::assign::v2::type_traits::meta_convert::apply
Generating XML output for class boost::assign::v2::container_tag::associative
Generating XML output for class boost::assign::v2::container_type_traits::ptr_to_value_aux::common
Generating XML output for class boost::assign::v2::put_compose_aux::compose_tag
Generating XML output for class boost::assign::v2::anon_aux::cont
Generating XML output for class boost::assign::v2::anon_aux::cont_modifier_traits
Generating XML output for class boost::assign::v2::type_traits::decay
Generating XML output for class boost::mpl::false_
Generating XML output for class boost::assign::v2::container_tag::fifo
Generating XML output for class boost::assign::v2::container_type_traits::forward_to_value
Generating XML output for class boost::assign::v2::container_type_traits::has_push
Generating XML output for class boost::assign::v2::container_type_traits::has_push_deduced_value
Generating XML output for class boost::assign::v2::container_type_traits::has_static_size
Generating XML output for class boost::assign::v2::container_type_traits::has_static_size< boost::ptr_array< T, N, C > >
Generating XML output for class boost::assign::v2::type_traits::has_value_type
Generating XML output for class boost::assign::v2::container_type_traits::has_push::helper
Generating XML output for class boost::mpl::identity
Generating XML output for class boost::assign::v2::anon_aux::impl
Generating XML output for class boost::assign::v2::container_type_traits::ptr_to_value::is_applicable
Generating XML output for class boost::assign::v2::container_type_traits::ptr_to_value_aux::common::is_applicable
Generating XML output for class boost::assign::v2::container_type_traits::ptr_to_value_aux::static_array_like::is_applicable
Generating XML output for class boost::assign::v2::container_type_traits::is_associative
Generating XML output for class boost::assign::v2::container_type_traits::is_fifo
Generating XML output for class boost::assign::v2::container_type_traits::is_fifo_impl
Generating XML output for class boost::assign::v2::container_type_traits::is_fifo_impl< std::queue< T, A > >
Generating XML output for class boost::assign::v2::container_type_traits::is_lifo
Generating XML output for class boost::assign::v2::container_type_traits::is_lifo_impl
Generating XML output for class boost::assign::v2::container_type_traits::is_lifo_impl< std::stack< T, A > >
Generating XML output for class boost::assign::v2::container_type_traits::is_map
Generating XML output for class boost::assign::v2::container_type_traits::is_map_impl
Generating XML output for class boost::assign::v2::container_type_traits::is_map_impl< std::map< K, D, C, A > >
Generating XML output for class boost::assign::v2::container_type_traits::is_ptr_container
Generating XML output for class boost::assign::v2::container_type_traits::is_range
Generating XML output for class boost::assign::v2::container_type_traits::is_set
Generating XML output for class boost::assign::v2::container_type_traits::is_set_impl
Generating XML output for class boost::assign::v2::container_type_traits::is_set_impl< std::set< K, C, A > >
Generating XML output for class boost::assign::v2::container_type_traits::is_sorted
Generating XML output for class boost::assign::v2::container_type_traits::is_sorted_impl
Generating XML output for class boost::assign::v2::container_type_traits::is_sorted_impl< std::map< K, T, C, A > >
Generating XML output for class boost::assign::v2::container_type_traits::is_sorted_impl< std::set< T, C, A > >
Generating XML output for class boost::assign::v2::container_type_traits::is_static_array
Generating XML output for class boost::assign::v2::container_type_traits::is_static_array_impl
Generating XML output for class boost::assign::v2::type_traits::is_stl_pair
Generating XML output for class boost::assign::v2::type_traits::is_stl_pair< std::pair< T, U > >
Generating XML output for class boost::assign::v2::container_tag::lifo
Generating XML output for class boost::assign::v2::container_tag::map
Generating XML output for class boost::assign::v2::container_type_traits::ptr_to_value_aux::map_like
Generating XML output for class boost::assign::v2::type_traits::meta_convert
Generating XML output for class boost::assign::v2::result_of_modulo::new_fun< anon_aux::cont< T, F, Tag > >
Generating XML output for class boost::assign::v2::result_of_modulo::new_modifier< anon_aux::cont< T, F, Tag > >
Generating XML output for class boost::assign::v2::container_type_traits::ptr_to_value
Generating XML output for class boost::assign::v2::container_type_traits::ptr_to_value< boost::ptr_array< T, N, A > >
Generating XML output for class boost::assign::v2::container_type_traits::ptr_to_value< boost::ptr_deque< T, C, A > >
Generating XML output for class boost::assign::v2::container_type_traits::ptr_to_value< boost::ptr_list< T, C, A > >
Generating XML output for class boost::assign::v2::container_type_traits::ptr_to_value< boost::ptr_vector< T, C, A > >
Generating XML output for class boost::assign::v2::container_type_traits::ptr_to_value_container
Generating XML output for class boost::assign::v2::container_tag::range
Generating XML output for class boost::assign::v2::type_traits::same_remove_cv
Generating XML output for class boost::assign::v2::container_type_traits::ptr_to_value_aux::seq_like
Generating XML output for class boost::assign::v2::container_tag::set
Generating XML output for class boost::assign::v2::container_type_traits::ptr_to_value_aux::set_like
Generating XML output for class boost::assign::v2::container_type_traits::has_static_size::sfinae
Generating XML output for class boost::assign::v2::container_tag::sorted
Generating XML output for class boost::assign::v2::container_tag::static_array
Generating XML output for class boost::assign::v2::container_type_traits::ptr_to_value_aux::static_array_like
Generating XML output for class boost::assign::v2::container_type_traits::static_size
Generating XML output for class boost::assign::v2::container_type_traits::static_size< boost::array< T, N > >
Generating XML output for class boost::assign::v2::container_type_traits::static_size< boost::ptr_array< T, N, C > >
Generating XML output for class boost::assign::v2::container_type_traits::ptr_to_value_aux::unordered_map_like
Generating XML output for class boost::assign::v2::container_type_traits::ptr_to_value_aux::unordered_set_like
Generating XML output for class boost::assign::v2::type_traits::value
Generating XML output for class boost::assign::v2::container_type_traits::value
Generating XML output for class boost::assign::v2::container_type_traits::value_container
Generating XML output for class boost::assign::v2::type_traits::value_impl
Generating XML output for namespace boost
Generating XML output for namespace boost::assign
Generating XML output for namespace boost::assign::v2
Generating XML output for namespace boost::assign::v2::adaptor
Generating XML output for namespace boost::assign::v2::anon_aux
Generating XML output for namespace boost::assign::v2::container_tag
Generating XML output for namespace boost::assign::v2::container_type_traits
Generating XML output for namespace boost::assign::v2::container_type_traits::ptr_to_value_aux
Generating XML output for namespace boost::assign::v2::convert_aux
Generating XML output for namespace boost::assign::v2::put_compose_aux
Generating XML output for namespace boost::assign::v2::put_range_aux
Generating XML output for namespace boost::assign::v2::result_of
Generating XML output for namespace boost::assign::v2::result_of_modulo
Generating XML output for namespace boost::assign::v2::type_traits
Generating XML output for file anon.hpp
Generating XML output for file cont.hpp
Generating XML output for file csv.hpp
Generating XML output for file make.hpp
Generating XML output for file chain.hpp
Generating XML output for file detail.hpp
Generating XML output for file container.hpp
Generating XML output for file forward_to_value.hpp
Generating XML output for file has_push.hpp
Generating XML output for file has_static_size.hpp
Generating XML output for file is_associative.hpp
Generating XML output for file is_fifo.hpp
Generating XML output for file is_lifo.hpp
Generating XML output for file is_map.hpp
Generating XML output for file is_ptr_container.hpp
Generating XML output for file is_range.hpp
Generating XML output for file is_set.hpp
Generating XML output for file is_sorted.hpp
Generating XML output for file is_static_array.hpp
Generating XML output for file ptr_to_value.hpp
Generating XML output for file ptr_to_value_container.hpp
Generating XML output for file static_size.hpp
Generating XML output for file value_container.hpp
Generating XML output for file decay.hpp
Generating XML output for file has_value_type.hpp
Generating XML output for file is_stl_pair.hpp
Generating XML output for file meta_convert.hpp
Generating XML output for file same_remove_cv.hpp
Generating XML output for file type_traits.hpp
Generating XML output for file value.hpp
Generating XML output for file value.hpp
Generating XML output for file compose.hpp
Generating XML output for file tag.hpp
Generating XML output for file adaptor.hpp
Generating XML output for file convert.hpp
Generating XML output for file range.hpp
Generating XML output for file ref.hpp
Generating XML output for file v2.hpp
Generate XML output for dir /usr/local/trunk/boost/assign/v2/anon/
Generate XML output for dir /usr/local/trunk/boost/assign/
Generate XML output for dir /usr/local/trunk/boost/
Generate XML output for dir /usr/local/trunk/boost/assign/v2/chain/
Generate XML output for dir /usr/local/trunk/boost/assign/v2/put/compose/
Generate XML output for dir /usr/local/trunk/boost/assign/v2/detail/type_traits/container/
Generate XML output for dir /usr/local/trunk/boost/assign/v2/detail/
Generate XML output for dir /usr/local/trunk/boost/assign/v2/put/
Generate XML output for dir /usr/local/trunk/boost/assign/v2/put/range/
Generate XML output for dir /usr/local/trunk/boost/assign/v2/ref/
Generate XML output for dir /usr/local/trunk/boost/assign/v2/detail/type_traits/
Generate XML output for dir /usr/local/trunk/boost/assign/v2/
xslt-xsltproc ../../../../bin.v2/libs/assign/v2/doc/darwin-4.2.1/debug/ref-xml.doxygen
xslt-xsltproc ../../../../bin.v2/libs/assign/v2/doc/darwin-4.2.1/debug/ref-xml.boostbook
/usr/local/trunk/boost/assign/v2/anon/cont.hpp:181: Cannot handle sectiondef with kind=protected-attrib
common.copy ref.xml
quickbook.quickbook-to-boostbook ../../../../bin.v2/libs/assign/v2/doc/darwin-4.2.1/debug/boost_assign_v2.xml
Generating Output File: ../../../../bin.v2/libs/assign/v2/doc/darwin-4.2.1/debug/boost_assign_v2.xml
xslt-xsltproc ../../../../bin.v2/libs/assign/v2/doc/darwin-4.2.1/debug/boost_assign_v2.docbook
Warning: missing 'type' element inside 'inherit'
  In boost::assign::v2::container_type_traits::is_fifo::
Warning: missing 'type' element inside 'inherit'
  In boost::assign::v2::container_type_traits::is_lifo::
Warning: missing 'type' element inside 'inherit'
  In boost::assign::v2::container_type_traits::is_map::
Warning: missing 'type' element inside 'inherit'
  In boost::assign::v2::container_type_traits::is_ptr_container::
Warning: missing 'type' element inside 'inherit'
  In boost::assign::v2::container_type_traits::is_set::
Warning: missing 'type' element inside 'inherit'
  In boost::assign::v2::container_type_traits::is_sorted::
Warning: missing 'type' element inside 'inherit'
  In boost::assign::v2::container_type_traits::is_static_array::
Warning: missing 'type' element inside 'inherit'
  In boost::assign::v2::container_type_traits::ptr_to_value_aux::seq_like::
Warning: missing 'type' element inside 'inherit'
  In boost::assign::v2::container_type_traits::ptr_to_value_aux::map_like::
Warning: missing 'type' element inside 'inherit'
  In boost::assign::v2::container_type_traits::ptr_to_value_aux::set_like::
Warning: missing 'type' element inside 'inherit'
  In boost::assign::v2::container_type_traits::ptr_to_value_aux::unordered_map_like::
Warning: missing 'type' element inside 'inherit'
  In boost::assign::v2::container_type_traits::ptr_to_value_aux::unordered_set_like::
Warning: missing 'type' element inside 'inherit'
  In boost::assign::v2::container_type_traits::ptr_to_value<boost::ptr_array< T, N, A >>::
Warning: missing 'type' element inside 'inherit'
  In boost::assign::v2::container_type_traits::ptr_to_value<boost::ptr_deque< T, C, A >>::
Warning: missing 'type' element inside 'inherit'
  In boost::assign::v2::container_type_traits::ptr_to_value<boost::ptr_list< T, C, A >>::
Warning: missing 'type' element inside 'inherit'
  In boost::assign::v2::container_type_traits::ptr_to_value<boost::ptr_vector< T, C, A >>::
Warning: missing 'type' element inside 'inherit'
  In boost::assign::v2::type_traits::value::
Warning: missing 'type' element inside 'inherit'
  In boost::assign::v2::container_type_traits::value::
xslt-xsltproc-dir html/boost_assign_v2_HTML.manifest
Writing boost_assign_v2_HTML.manifest
...updated 8 targets...
