
images_location I:\boost-sandbox\guild\mylibrary\libs\mylibrary\doc\html
nav_images I:\boost-sandbox\guild\mylibrary\libs\mylibrary\doc\html\images
Building the  docs with automatic index generation enabled.
...found 48 targets...
...updating 14 targets...
common.mkdir bin\msvc-10.0\debug\auto-index-verbose-on
common.mkdir bin\msvc-10.0\debug\auto-index-verbose-on\auto-index-on
common.mkdir bin\msvc-10.0\debug\auto-index-verbose-on\auto-index-on\threading-multi
quickbook.quickbook-to-boostbook bin\msvc-10.0\debug\auto-index-verbose-on\auto-index-on\threading-multi\mylibrary.xml
Generating Output File: bin\msvc-10.0\debug\auto-index-verbose-on\auto-index-on\threading-multi\mylibrary.xml
doxygen-action bin\msvc-10.0\debug\auto-index-verbose-on\auto-index-on\threading-multi\autodoc-xml.xml-dir
The system cannot find the file specified.
Searching for include files...
Searching for example files...
Searching for images...
Searching for dot files...
Searching for msc files...
Searching for files to exclude
Searching for files to process...
Reading and parsing tag files
Preprocessing I:/boost-sandbox/guild/mylibrary/boost/mylibrary/mylibrary.hpp...
Parsing file I:/boost-sandbox/guild/mylibrary/boost/mylibrary/mylibrary.hpp...
Building group list...
Building directory list...
Building namespace list...
Building file list...
Building class list...
Associating documentation with classes...
Computing nesting relations for classes...
Building example list...
Searching for enumerations...
Searching for documented typedefs...
Searching for members imported via using declarations...
Searching for included using directives...
Searching for documented variables...
Building member list...
Searching for friends...
Searching for documented defines...
Computing class inheritance relations...
Computing class usage relations...
Flushing cached template relations that have become invalid...
Creating members for template instances...
Computing class relations...
Add enum values to enums...
Searching for member function documentation...
Building page list...
Search for main page...
Computing page relations...
Determining the scope of groups...
Sorting lists...
Freeing entry tree
Determining which enums are documented
Computing member relations...
Building full member lists recursively...
Adding members to member groups.
Computing member references...
Inheriting documentation...
Generating disk names...
Adding source references...
Adding xrefitems...
Sorting member lists...
Counting data structures...
Resolving user defined references...
Finding anchors and sections in the documentation...
Combining using relations...
Adding members to index pages...
Generating style sheet...
Generating index page...
Generating page index...
Generating example documentation...
Generating file sources...
Generating code for file I:/boost-sandbox/guild/mylibrary/boost/mylibrary/mylibrary.hpp...
Generating file documentation...
Generating docs for file I:/boost-sandbox/guild/mylibrary/boost/mylibrary/mylibrary.hpp...
Generating page documentation...
Generating group documentation...
Generating group index...
Generating class documentation...
Generating annotated compound index...
Generating alphabetical compound index...
Generating hierarchical class index...
Generating member index...
Generating namespace index...
Generating docs for compound boost::mylibrary::myclass...
Generating namespace member index...
Generating graph info page...
Generating file index...
Generating example index...
Generating file member index...
finalizing index lists...
Generating XML output...
Generating XML output for class boost::mylibrary::myclass
Generating XML output for class myclass
Generating XML output for namespace boost
Generating XML output for namespace boost::mylibrary
Generating XML output for file mylibrary.hpp
Generate XML output for dir I:/boost-sandbox/guild/mylibrary/boost/
Generate XML output for dir I:/boost-sandbox/guild/mylibrary/boost/mylibrary/
Generating XML output for the main page
finished...
xslt-xsltproc.windows bin\msvc-10.0\debug\auto-index-verbose-on\auto-index-on\threading-multi\autodoc-xml.doxygen
xslt-xsltproc.windows bin\msvc-10.0\debug\auto-index-verbose-on\auto-index-on\threading-multi\autodoc-xml.boostbook
common.copy autodoc.xml
bin\msvc-10.0\debug\auto-index-verbose-on\auto-index-on\threading-multi\autodoc-xml.boostbook
        1 file(s) copied.
xslt-xsltproc.windows bin\msvc-10.0\debug\auto-index-verbose-on\auto-index-on\threading-multi\mylibrary.docbook
auto-index.auto-index bin\msvc-10.0\debug\auto-index-verbose-on\auto-index-on\threading-multi\mylibrary.modified.docbook
Processing script mylibrary.idx
Scanning directory ../../..\boost/mylibrary
Scanning file... ../../..\boost/mylibrary\mylibrary.hpp
Scanning for type "class_name" ... 
Indexing myclass as type class_name
Scanning for type "function_name" ... 
Indexing test_me as type function_name
Indexing donowt as type function_name
Scanning for type "macro_name" ... 
Indexing BOOST_MYLIBRARY_HPP as type macro_name
Scanning for type "typedef_name" ... 
Scanning directory ../../..\libs/mylibrary/example
Scanning file... ../../..\libs/mylibrary/example\mylibrary_example.cpp
Scanning for type "class_name" ... 
Scanning for type "function_name" ... 
Indexing main as type function_name
Scanning for type "macro_name" ... 
Scanning for type "typedef_name" ... 
Indexing 25 terms...
Indexing section: Creating Boost HTML and PDF documentation using Quickbook, Doxygen and Auto-Indexing.
Indexing section: Introduction
Indexing section: How to get Index(es) of your documentation
Indexing section: Boost.mylibrary C++ Reference
Indexing section: Header &lt; boost/mylibrary/mylibrary.hpp &gt;
Indexing section: Idols
Indexing section: Version Info
xslt-xsltproc.windows bin\msvc-10.0\debug\auto-index-verbose-on\auto-index-on\threading-multi\mylibrary.modified.fo
Making portrait pages on A4 paper (210mmx297mm)
fop.render.pdf bin\msvc-10.0\debug\auto-index-verbose-on\auto-index-on\threading-multi\mylibrary.modified.pdf
(document [system-id file:/I:/boost-sandbox/guild/mylibrary/libs/mylibrary/doc/bin/msvc-10.0/debug/auto-index-verbose-on/auto-index-on/threading-multi/mylibrary.modified.fo]
  (validate [validation OK])
  (compile 
    (meta-info )
    (masters 
      (sequence-master [master-name blank])
      (sequence-master [master-name titlepage-first])
      (sequence-master [master-name titlepage-odd])
      (sequence-master [master-name titlepage-even])
      (sequence-master [master-name lot-first])
      (sequence-master [master-name lot-odd])
      (sequence-master [master-name lot-even])
      (sequence-master [master-name front-first])
      (sequence-master [master-name front-odd])
      (sequence-master [master-name front-even])
      (sequence-master [master-name body-first])
      (sequence-master [master-name body-odd])
      (sequence-master [master-name body-even])
      (sequence-master [master-name back-first])
      (sequence-master [master-name back-odd])
      (sequence-master [master-name back-even])
      (sequence-master [master-name index-first])
      (sequence-master [master-name index-odd])
      (sequence-master [master-name index-even])
      (sequence-master [master-name titlepage])
      (sequence-master [master-name lot])
      (sequence-master [master-name front])
      (sequence-master [master-name body])
      (sequence-master [master-name back])
      (sequence-master [master-name index]))
    (outline )
    (sequence [master-reference body]
      (static-content [flow-name xsl-region-before-first])
      (static-content [flow-name xsl-region-before-odd])
      (static-content [flow-name xsl-region-before-even])
      (static-content [flow-name xsl-region-before-blank])
      (static-content [flow-name xsl-footnote-separator])
      (static-content [flow-name blank-body])
      (static-content [flow-name xsl-region-after-first])
      (static-content [flow-name xsl-region-after-odd])
      (static-content [flow-name xsl-region-after-even])
      (static-content [flow-name xsl-region-after-blank])
      (flow [flow-name xsl-region-body])))
  (format 
    (sequence [master-reference body]
      (flow [1][2][3][4][5][6][7][8][9]
        [error] no entries for index key 'example, Idols'
        [error] no entries for index key 'Header < boost/mylibrary/mylibrary.hpp >, macro'
        [error] no entries for index key 'Idols, example'
        [error] no entries for index key 'Idols, index'
        [error] no entries for index key 'Idols, Kelvin'
        [error] no entries for index key 'Idols, Quickbook'
        [error] no entries for index key 'Idols, Twain'
        [error] no entries for index key 'index, Idols'
        [10]
        [error] no entries for index key 'Kelvin, Idols'
        [error] no entries for index key 'macro, Header < boost/mylibrary/mylibrary.hpp >'
        [error] no entries for index key 'Quickbook, Idols'
        [error] no entries for index key 'Quickbook, Version Info'
        [error] no entries for index key 'Twain, Idols'
        [error] no entries for index key 'Version Info, Quickbook'
        [11])
      (static-content [1]|xsl-region-after-first||xsl-region-before-first|[2]|xsl-region-after-odd||xsl-region-before-odd|[3]|xsl-region-after-odd||xsl-region-before-odd|[4]|xsl-region-after-odd||xsl-region-before-odd|[5]|xsl-region-after-odd||xsl-region-before-odd|[6]|xsl-region-after-odd||xsl-region-before-odd|[7]|xsl-region-after-odd||xsl-region-before-odd|[8]|xsl-region-after-odd||xsl-region-before-odd|[9]|xsl-region-after-odd||xsl-region-before-odd|[10]|xsl-region-after-odd||xsl-region-before-odd|[11]|xsl-region-after-odd||xsl-region-before-odd|)))
  (generate [output-format pdf][1][2][3][4][5][6][7][8][9][10][11]))
...updated 14 targets...
