...patience...
...found 1136 targets...
...updating 11 targets...
quickbook.quickbook-to-boostbook ..\bin.v2\doc\msvc-9.0\debug\threading-multi\svg_plot.xml
Generating Output File: ..\bin.v2\doc\msvc-9.0\debug\threading-multi\svg_plot.xml
doxygen-action ..\bin.v2\doc\msvc-9.0\debug\threading-multi\autodoc-xml.xml-dir
Searching for include files...
Searching for example files...
Searching for images...
Searching for dot files...
Searching for files to exclude
Searching for files to process...
Reading and parsing tag files
Preprocessing I:/boost-sandbox/SOC/2007/visualization/boost/svg_plot/quantile.hpp...
Parsing file I:/boost-sandbox/SOC/2007/visualization/boost/svg_plot/quantile.hpp...
Preprocessing I:/boost-sandbox/SOC/2007/visualization/boost/svg_plot/show_1d_settings.hpp...
Parsing file I:/boost-sandbox/SOC/2007/visualization/boost/svg_plot/show_1d_settings.hpp...
Preprocessing I:/boost-sandbox/SOC/2007/visualization/boost/svg_plot/show_2d_settings.hpp...
Parsing file I:/boost-sandbox/SOC/2007/visualization/boost/svg_plot/show_2d_settings.hpp...
Preprocessing I:/boost-sandbox/SOC/2007/visualization/boost/svg_plot/stylesheet.hpp...
Parsing file I:/boost-sandbox/SOC/2007/visualization/boost/svg_plot/stylesheet.hpp...
Preprocessing I:/boost-sandbox/SOC/2007/visualization/boost/svg_plot/svg.hpp...
Parsing file I:/boost-sandbox/SOC/2007/visualization/boost/svg_plot/svg.hpp...
Preprocessing I:/boost-sandbox/SOC/2007/visualization/boost/svg_plot/svg_1d_plot.hpp...
Parsing file I:/boost-sandbox/SOC/2007/visualization/boost/svg_plot/svg_1d_plot.hpp...
Preprocessing I:/boost-sandbox/SOC/2007/visualization/boost/svg_plot/svg_2d_plot.hpp...
Parsing file I:/boost-sandbox/SOC/2007/visualization/boost/svg_plot/svg_2d_plot.hpp...
Preprocessing I:/boost-sandbox/SOC/2007/visualization/boost/svg_plot/svg_boxplot.hpp...
Parsing file I:/boost-sandbox/SOC/2007/visualization/boost/svg_plot/svg_boxplot.hpp...
Preprocessing I:/boost-sandbox/SOC/2007/visualization/boost/svg_plot/svg_color.hpp...
Parsing file I:/boost-sandbox/SOC/2007/visualization/boost/svg_plot/svg_color.hpp...
Preprocessing I:/boost-sandbox/SOC/2007/visualization/boost/svg_plot/svg_fwd.hpp...
Parsing file I:/boost-sandbox/SOC/2007/visualization/boost/svg_plot/svg_fwd.hpp...
Preprocessing I:/boost-sandbox/SOC/2007/visualization/boost/svg_plot/svg_style.hpp...
Parsing file I:/boost-sandbox/SOC/2007/visualization/boost/svg_plot/svg_style.hpp...
Preprocessing I:/boost-sandbox/SOC/2007/visualization/boost/svg_plot/uncertain.hpp...
Parsing file I:/boost-sandbox/SOC/2007/visualization/boost/svg_plot/uncertain.hpp...
Preprocessing I:/boost-sandbox/SOC/2007/visualization/boost/svg_plot/detail/auto_axes.hpp...
Parsing file I:/boost-sandbox/SOC/2007/visualization/boost/svg_plot/detail/auto_axes.hpp...
Preprocessing I:/boost-sandbox/SOC/2007/visualization/boost/svg_plot/detail/axis_plot_frame.hpp...
Parsing file I:/boost-sandbox/SOC/2007/visualization/boost/svg_plot/detail/axis_plot_frame.hpp...
Preprocessing I:/boost-sandbox/SOC/2007/visualization/boost/svg_plot/detail/FP_compare.hpp...
Parsing file I:/boost-sandbox/SOC/2007/visualization/boost/svg_plot/detail/FP_compare.hpp...
Preprocessing I:/boost-sandbox/SOC/2007/visualization/boost/svg_plot/detail/functors.hpp...
Parsing file I:/boost-sandbox/SOC/2007/visualization/boost/svg_plot/detail/functors.hpp...
Preprocessing I:/boost-sandbox/SOC/2007/visualization/boost/svg_plot/detail/numeric_limits_handling.hpp...
Parsing file I:/boost-sandbox/SOC/2007/visualization/boost/svg_plot/detail/numeric_limits_handling.hpp...
Preprocessing I:/boost-sandbox/SOC/2007/visualization/boost/svg_plot/detail/pair.hpp...
Parsing file I:/boost-sandbox/SOC/2007/visualization/boost/svg_plot/detail/pair.hpp...
Preprocessing I:/boost-sandbox/SOC/2007/visualization/boost/svg_plot/detail/svg_boxplot_detail.hpp...
Parsing file I:/boost-sandbox/SOC/2007/visualization/boost/svg_plot/detail/svg_boxplot_detail.hpp...
Preprocessing I:/boost-sandbox/SOC/2007/visualization/boost/svg_plot/detail/svg_style_detail.hpp...
Parsing file I:/boost-sandbox/SOC/2007/visualization/boost/svg_plot/detail/svg_style_detail.hpp...
Preprocessing I:/boost-sandbox/SOC/2007/visualization/boost/svg_plot/detail/svg_tag.hpp...
Parsing file I:/boost-sandbox/SOC/2007/visualization/boost/svg_plot/detail/svg_tag.hpp...
Building group list...
Building directory list...
Building namespace list...
Building file list...
Searching for included using directives...
Building class list...
Associating documentation with classes...
Computing nesting relations for classes...
Searching for members imported via using declarations...
Building example list...
Searching for enumerations...
Searching for documented typedefs...
Searching for documented variables...
Building member list...
Searching for friends...
Searching for documented defines...
Computing class inheritance relations...
Computing class usage relations...
Flushing cached template relations that have become invalid...
Creating members for template instances...
Computing class relations...
Add enum values to enums...
Searching for member function documentation...
Building page list...
Search for main page...
Computing page relations...
Determining the scope of groups...
Sorting lists...
Freeing entry tree
Determining which enums are documented
Computing member relations...
Building full member lists recursively...
Adding members to member groups.
Computing member references...
Inheriting documentation...
Generating disk names...
Adding source references...
Adding todo/test/bug list items...
Counting data structures...
Resolving user defined references...
Finding anchors and sections in the documentation...
Combining using relations...
Adding members to index pages...
Generating style sheet...
Generating index page...
Generating page index...
Generating example documentation...
Generating file sources...
Generating code for file I:/boost-sandbox/SOC/2007/visualization/boost/svg_plot/detail/auto_axes.hpp...
Generating code for file I:/boost-sandbox/SOC/2007/visualization/boost/svg_plot/detail/axis_plot_frame.hpp...
Generating code for file I:/boost-sandbox/SOC/2007/visualization/boost/svg_plot/detail/FP_compare.hpp...
Generating code for file I:/boost-sandbox/SOC/2007/visualization/boost/svg_plot/detail/functors.hpp...
Generating code for file I:/boost-sandbox/SOC/2007/visualization/boost/svg_plot/detail/numeric_limits_handling.hpp...
Generating code for file I:/boost-sandbox/SOC/2007/visualization/boost/svg_plot/detail/pair.hpp...
Generating code for file I:/boost-sandbox/SOC/2007/visualization/boost/svg_plot/detail/svg_boxplot_detail.hpp...
Generating code for file I:/boost-sandbox/SOC/2007/visualization/boost/svg_plot/detail/svg_style_detail.hpp...
Generating code for file I:/boost-sandbox/SOC/2007/visualization/boost/svg_plot/detail/svg_tag.hpp...
Generating code for file I:/boost-sandbox/SOC/2007/visualization/boost/svg_plot/quantile.hpp...
Generating code for file I:/boost-sandbox/SOC/2007/visualization/boost/svg_plot/show_1d_settings.hpp...
Generating code for file I:/boost-sandbox/SOC/2007/visualization/boost/svg_plot/show_2d_settings.hpp...
Generating code for file I:/boost-sandbox/SOC/2007/visualization/boost/svg_plot/stylesheet.hpp...
Generating code for file I:/boost-sandbox/SOC/2007/visualization/boost/svg_plot/svg.hpp...
Generating code for file I:/boost-sandbox/SOC/2007/visualization/boost/svg_plot/svg_1d_plot.hpp...
Generating code for file I:/boost-sandbox/SOC/2007/visualization/boost/svg_plot/svg_2d_plot.hpp...
Generating code for file I:/boost-sandbox/SOC/2007/visualization/boost/svg_plot/svg_boxplot.hpp...
Generating code for file I:/boost-sandbox/SOC/2007/visualization/boost/svg_plot/svg_color.hpp...
Generating code for file I:/boost-sandbox/SOC/2007/visualization/boost/svg_plot/svg_fwd.hpp...
Generating code for file I:/boost-sandbox/SOC/2007/visualization/boost/svg_plot/svg_style.hpp...
Generating code for file I:/boost-sandbox/SOC/2007/visualization/boost/svg_plot/uncertain.hpp...
Generating file documentation...
Generating docs for file I:/boost-sandbox/SOC/2007/visualization/boost/svg_plot/detail/auto_axes.hpp...
Generating docs for file I:/boost-sandbox/SOC/2007/visualization/boost/svg_plot/detail/axis_plot_frame.hpp...
Generating docs for file I:/boost-sandbox/SOC/2007/visualization/boost/svg_plot/detail/FP_compare.hpp...
Generating docs for file I:/boost-sandbox/SOC/2007/visualization/boost/svg_plot/detail/functors.hpp...
Generating docs for file I:/boost-sandbox/SOC/2007/visualization/boost/svg_plot/detail/numeric_limits_handling.hpp...
Generating docs for file I:/boost-sandbox/SOC/2007/visualization/boost/svg_plot/detail/pair.hpp...
Generating docs for file I:/boost-sandbox/SOC/2007/visualization/boost/svg_plot/detail/svg_boxplot_detail.hpp...
Generating docs for file I:/boost-sandbox/SOC/2007/visualization/boost/svg_plot/detail/svg_style_detail.hpp...
Generating docs for file I:/boost-sandbox/SOC/2007/visualization/boost/svg_plot/detail/svg_tag.hpp...
Generating docs for file I:/boost-sandbox/SOC/2007/visualization/boost/svg_plot/quantile.hpp...
Generating docs for file I:/boost-sandbox/SOC/2007/visualization/boost/svg_plot/show_1d_settings.hpp...
Generating docs for file I:/boost-sandbox/SOC/2007/visualization/boost/svg_plot/show_2d_settings.hpp...
Generating docs for file I:/boost-sandbox/SOC/2007/visualization/boost/svg_plot/stylesheet.hpp...
Generating docs for file I:/boost-sandbox/SOC/2007/visualization/boost/svg_plot/svg.hpp...
Generating docs for file I:/boost-sandbox/SOC/2007/visualization/boost/svg_plot/svg_1d_plot.hpp...
Generating docs for file I:/boost-sandbox/SOC/2007/visualization/boost/svg_plot/svg_2d_plot.hpp...
Generating docs for file I:/boost-sandbox/SOC/2007/visualization/boost/svg_plot/svg_boxplot.hpp...
Generating docs for file I:/boost-sandbox/SOC/2007/visualization/boost/svg_plot/svg_color.hpp...
Generating docs for file I:/boost-sandbox/SOC/2007/visualization/boost/svg_plot/svg_fwd.hpp...
Generating docs for file I:/boost-sandbox/SOC/2007/visualization/boost/svg_plot/svg_style.hpp...
Generating docs for file I:/boost-sandbox/SOC/2007/visualization/boost/svg_plot/uncertain.hpp...
Generating page documentation...
Generating group documentation...
Generating group index...
Generating class documentation...
Generating annotated compound index...
Generating alphabetical compound index...
Generating hierarchical class index...
Generating member index...
Generating docs for compound close_to...
Generating docs for compound smallest...
Generating namespace index...
Generating docs for namespace boost
Generating docs for namespace boost::math
Generating docs for namespace boost::math::detail
Generating docs for namespace boost::svg
Generating docs for compound boost::svg::css_parse...
Generating docs for nested compound boost::svg::css_parse::definition...
Generating docs for compound boost::svg::svg...
Generating docs for compound boost::svg::svg_1d_plot_series...
Generating docs for compound boost::svg::svg_1d_plot...
Generating docs for compound boost::svg::svg_2d_plot_series...
Generating docs for compound boost::svg::svg_2d_plot...
Generating docs for compound boost::svg::svg_boxplot_series...
Generating docs for compound boost::svg::svg_boxplot...
Generating docs for compound boost::svg::svg_color...
Generating docs for compound boost::svg::svg_style...
Generating docs for compound boost::svg::text_style...
Generating docs for compound boost::svg::value_style...
Generating docs for compound boost::svg::plot_point_style...
Generating docs for compound boost::svg::plot_line_style...
Generating docs for compound boost::svg::axis_line_style...
Generating docs for compound boost::svg::ticks_labels_style...
Generating docs for compound boost::svg::box_style...
Generating docs for compound boost::svg::histogram_style...
Generating docs for compound boost::svg::bar_style...
Generating docs for compound boost::svg::unc...
Generating docs for compound boost::svg::svg_element...
Generating docs for compound boost::svg::line_element...
Generating docs for compound boost::svg::rect_element...
Generating docs for compound boost::svg::circle_element...
Generating docs for compound boost::svg::ellipse_element...
Generating docs for compound boost::svg::text_parent...
Generating docs for compound boost::svg::text_element_text...
Generating docs for compound boost::svg::tspan_element...
Generating docs for compound boost::svg::text_element...
Generating docs for compound boost::svg::clip_path_element...
Generating docs for compound boost::svg::path_point...
Generating docs for compound boost::svg::m_path...
Generating docs for compound boost::svg::z_path...
Generating docs for compound boost::svg::l_path...
Generating docs for compound boost::svg::h_path...
Generating docs for compound boost::svg::v_path...
Generating docs for compound boost::svg::c_path...
Generating docs for compound boost::svg::q_path...
Generating docs for compound boost::svg::s_path...
Generating docs for compound boost::svg::t_path...
Generating docs for compound boost::svg::a_path...
Generating docs for compound boost::svg::path_element...
Generating docs for compound boost::svg::poly_path_point...
Generating docs for compound boost::svg::polygon_element...
Generating docs for compound boost::svg::polyline_element...
Generating docs for compound boost::svg::g_element...
Generating docs for namespace boost::svg::boxplot
Generating docs for namespace boost::svg::detail
Generating docs for compound boost::svg::detail::axis_plot_frame...
Generating docs for compound boost::svg::detail::double_1d_convert...
Generating docs for compound boost::svg::detail::pair_double_2d_convert...
Generating docs for compound boost::svg::detail::pair_unc_2d_convert...
Generating docs for compound boost::svg::detail::unc_1d_convert...
Generating docs for namespace detail
Generating docs for namespace svg
Generating namespace member index...
Generating graph info page...
Generating file index...
Generating example index...
Generating file member index...
Generating XML output...
Generating XML output for class boost::svg::a_path
Generating XML output for class boost::svg::axis_line_style
Generating XML output for class boost::svg::detail::axis_plot_frame
Generating XML output for class boost::svg::bar_style
Generating XML output for class boost::svg::box_style
Generating XML output for class boost::svg::c_path
Generating XML output for class boost::svg::circle_element
Generating XML output for class boost::svg::clip_path_element
Generating XML output for class close_to
Generating XML output for class boost::svg::css_parse
Generating XML output for class boost::svg::css_parse::definition
Generating XML output for class boost::svg::detail::double_1d_convert
Generating XML output for class boost::svg::ellipse_element
Generating XML output for class boost::svg::g_element
Generating XML output for class boost::svg::h_path
Generating XML output for class boost::svg::histogram_style
Generating XML output for class boost::svg::l_path
Generating XML output for class boost::svg::line_element
Generating XML output for class boost::svg::m_path
Generating XML output for class boost::svg::detail::pair_double_2d_convert
Generating XML output for class boost::svg::detail::pair_unc_2d_convert
Generating XML output for class boost::svg::path_element
Generating XML output for class boost::svg::path_point
Generating XML output for class boost::svg::plot_line_style
Generating XML output for class boost::svg::plot_point_style
Generating XML output for class boost::svg::poly_path_point
Generating XML output for class boost::svg::polygon_element
Generating XML output for class boost::svg::polyline_element
Generating XML output for class boost::svg::q_path
Generating XML output for class boost::svg::rect_element
Generating XML output for class boost::svg::s_path
Generating XML output for class smallest
Generating XML output for class boost::svg::svg
Generating XML output for class boost::svg::svg_1d_plot
Generating XML output for class boost::svg::svg_1d_plot_series
Generating XML output for class boost::svg::svg_2d_plot
Generating XML output for class boost::svg::svg_2d_plot_series
Generating XML output for class boost::svg::svg_boxplot
Generating XML output for class boost::svg::svg_boxplot_series
Generating XML output for class boost::svg::svg_color
Generating XML output for class boost::svg::svg_element
Generating XML output for class boost::svg::svg_style
Generating XML output for class boost::svg::t_path
Generating XML output for class boost::svg::text_element
Generating XML output for class boost::svg::text_element_text
Generating XML output for class boost::svg::text_parent
Generating XML output for class boost::svg::text_style
Generating XML output for class boost::svg::ticks_labels_style
Generating XML output for class boost::svg::tspan_element
Generating XML output for class boost::svg::unc
Generating XML output for class boost::svg::detail::unc_1d_convert
Generating XML output for class boost::svg::v_path
Generating XML output for class boost::svg::value_style
Generating XML output for class boost::svg::z_path
Generating XML output for namespace boost
Generating XML output for namespace boost::math
Generating XML output for namespace boost::math::detail
Generating XML output for namespace boost::svg
Generating XML output for namespace boost::svg::boxplot
Generating XML output for namespace boost::svg::detail
Generating XML output for namespace detail
Generating XML output for namespace svg
Generating XML output for file auto_axes.hpp
Generating XML output for file axis_plot_frame.hpp
Generating XML output for file FP_compare.hpp
Generating XML output for file functors.hpp
Generating XML output for file numeric_limits_handling.hpp
Generating XML output for file pair.hpp
Generating XML output for file svg_boxplot_detail.hpp
Generating XML output for file svg_style_detail.hpp
Generating XML output for file svg_tag.hpp
Generating XML output for file quantile.hpp
Generating XML output for file show_1d_settings.hpp
Generating XML output for file show_2d_settings.hpp
Generating XML output for file stylesheet.hpp
Generating XML output for file svg.hpp
Generating XML output for file svg_1d_plot.hpp
Generating XML output for file svg_2d_plot.hpp
Generating XML output for file svg_boxplot.hpp
Generating XML output for file svg_color.hpp
Generating XML output for file svg_fwd.hpp
Generating XML output for file svg_style.hpp
Generating XML output for file uncertain.hpp
Generate XML output for dir I:/boost-sandbox/SOC/2007/visualization/boost/
Generate XML output for dir I:/boost-sandbox/SOC/2007/visualization/boost/svg_plot/detail/
Generate XML output for dir I:/boost-sandbox/SOC/2007/visualization/boost/svg_plot/
Generating XML output for the main page
xslt-xsltproc ..\bin.v2\doc\msvc-9.0\debug\threading-multi\autodoc-xml.doxygen
xslt-xsltproc ..\bin.v2\doc\msvc-9.0\debug\threading-multi\autodoc-xml.boostbook
I:/boost-sandbox/SOC/2007/visualization/boost/svg_plot/detail/svg_tag.hpp:267: Cannot handle memberdef element with kind=friend (name=operator==) 
I:/boost-sandbox/SOC/2007/visualization/boost/svg_plot/detail/svg_tag.hpp:268: Cannot handle memberdef element with kind=friend (name=operator!=) 
I:/boost-sandbox/SOC/2007/visualization/boost/svg_plot/detail/svg_tag.hpp:1646: Cannot handle memberdef element with kind=friend (name=operator<<) 
I:/boost-sandbox/SOC/2007/visualization/boost/svg_plot/detail/svg_tag.hpp:1647: Cannot handle memberdef element with kind=friend (name=operator<<) 
I:/boost-sandbox/SOC/2007/visualization/boost/svg_plot/detail/svg_tag.hpp:1833: Cannot handle memberdef element with kind=friend (name=operator<<) 
I:/boost-sandbox/SOC/2007/visualization/boost/svg_plot/svg_1d_plot.hpp:257: Cannot handle memberdef element with kind=friend (name=detail::axis_plot_frame< svg_1d_plot >) 
I:/boost-sandbox/SOC/2007/visualization/boost/svg_plot/svg_1d_plot.hpp:255: Cannot handle memberdef element with kind=friend (name=show_1d_plot_settings) 
I:/boost-sandbox/SOC/2007/visualization/boost/svg_plot/svg_1d_plot.hpp:256: Cannot handle memberdef element with kind=friend (name=show_2d_plot_settings) 
I:/boost-sandbox/SOC/2007/visualization/boost/svg_plot/svg_2d_plot.hpp:72: Cannot handle memberdef element with kind=friend (name=draw_straight_lines) 
I:/boost-sandbox/SOC/2007/visualization/boost/svg_plot/svg_2d_plot.hpp:339: Cannot handle memberdef element with kind=friend (name=detail::axis_plot_frame< svg_2d_plot >) 
I:/boost-sandbox/SOC/2007/visualization/boost/svg_plot/svg_2d_plot.hpp:337: Cannot handle memberdef element with kind=friend (name=show_2d_plot_settings) 
I:/boost-sandbox/SOC/2007/visualization/boost/svg_plot/svg_boxplot.hpp:632: Cannot handle memberdef element with kind=friend (name=detail::axis_plot_frame< svg_boxplot >) 
I:/boost-sandbox/SOC/2007/visualization/boost/svg_plot/svg_color.hpp:84: Cannot handle memberdef element with kind=friend (name=operator<<) 
I:/boost-sandbox/SOC/2007/visualization/boost/svg_plot/svg_style.hpp:105: Cannot handle memberdef element with kind=friend (name=operator<<) 
I:/boost-sandbox/SOC/2007/visualization/boost/svg_plot/svg_style.hpp:302: Cannot handle memberdef element with kind=friend (name=operator<<) 
I:/boost-sandbox/SOC/2007/visualization/boost/svg_plot/svg_style.hpp:303: Cannot handle memberdef element with kind=friend (name=operator==) 
I:/boost-sandbox/SOC/2007/visualization/boost/svg_plot/svg_style.hpp:304: Cannot handle memberdef element with kind=friend (name=operator!=) 
I:/boost-sandbox/SOC/2007/visualization/boost/svg_plot/svg_style.hpp:647: Cannot handle memberdef element with kind=friend (name=operator<<) 
I:/boost-sandbox/SOC/2007/visualization/boost/svg_plot/svg_style.hpp:1075: Cannot handle memberdef element with kind=friend (name=svg_2d_plot) 
I:/boost-sandbox/SOC/2007/visualization/boost/svg_plot/uncertain.hpp:46: Cannot handle memberdef element with kind=friend (name=operator<<) 
I:/boost-sandbox/SOC/2007/visualization/boost/svg_plot/uncertain.hpp:47: Cannot handle memberdef element with kind=friend (name=operator<<) 
common.copy autodoc.xml
..\bin.v2\doc\msvc-9.0\debug\threading-multi\autodoc-xml.boostbook
        1 file(s) copied.
xslt-xsltproc ..\bin.v2\doc\msvc-9.0\debug\auto-index-on\threading-multi\svg_plot.docbook
auto-index.auto-index ..\bin.v2\doc\msvc-9.0\debug\auto-index-on\threading-multi\svg_plot.modified.docbook
Indexing 258 terms...
xslt-xsltproc I:\boost-sandbox\SOC\2007\visualization\libs\svg_plot\doc\..\bin.v2\doc\msvc-9.0\debug\auto-index-on\threading-multi\svg_plot.modified.fo
Making portrait pages on A4 paper (210mmx297mm)
Error: no ID for constraint linkend: svg_plot.todo.
XLink to nonexistent id: svg_plot.todo
fop.render.pdf I:\boost-sandbox\SOC\2007\visualization\libs\svg_plot\doc\..\bin.v2\doc\msvc-9.0\debug\auto-index-on\threading-multi\svg_plot.modified.pdf
(document [system-id file:/I:/boost-sandbox/SOC/2007/visualization/libs/svg_plot/doc/../bin.v2/doc/msvc-9.0/debug/auto-index-on/threading-multi/svg_plot.modified.fo]
  (validate [validation OK])
  (compile 
    (meta-info )
    (masters 
      (sequence-master [master-name blank])
      (sequence-master [master-name titlepage-first])
      (sequence-master [master-name titlepage-odd])
      (sequence-master [master-name titlepage-even])
      (sequence-master [master-name lot-first])
      (sequence-master [master-name lot-odd])
      (sequence-master [master-name lot-even])
      (sequence-master [master-name front-first])
      (sequence-master [master-name front-odd])
      (sequence-master [master-name front-even])
      (sequence-master [master-name body-first])
      (sequence-master [master-name body-odd])
      (sequence-master [master-name body-even])
      (sequence-master [master-name back-first])
      (sequence-master [master-name back-odd])
      (sequence-master [master-name back-even])
      (sequence-master [master-name index-first])
      (sequence-master [master-name index-odd])
      (sequence-master [master-name index-even])
      (sequence-master [master-name titlepage])
      (sequence-master [master-name lot])
      (sequence-master [master-name front])
      (sequence-master [master-name body])
      (sequence-master [master-name back])
      (sequence-master [master-name index]))
    (outline )
    (sequence [master-reference body]
      (static-content [flow-name xsl-region-before-first])
      (static-content [flow-name xsl-region-before-odd])
      (static-content [flow-name xsl-region-before-even])
      (static-content [flow-name xsl-region-before-blank])
      (static-content [flow-name xsl-footnote-separator])
      (static-content [flow-name blank-body])
      (static-content [flow-name xsl-region-after-first])
      (static-content [flow-name xsl-region-after-odd])
      (static-content [flow-name xsl-region-after-even])
      (static-content [flow-name xsl-region-after-blank])
      (flow [flow-name xsl-region-body]
        [warning] Could not retrieve image from 'null': java.net.MalformedURLException: Invalid URL or non-existent file: I:\boost-sandbox\SOC\2007\visualization\libs\svg_plot\doc\html/images/auto_1d_plot.svg auto_1d_plot.svg
        [error] Failed to create image file:/C:/Program Files/RenderX/XEP/images/404.gif of type image/svg+xml
        [error] com.renderx.graphics.ImageFormatException: org.xml.sax.SAXParseException: bad continuation of multi-byte UTF-8 sequence (code: 0x0)
      )))
  (format 
    (sequence [master-reference body]
      (flow [1][2][3][4][5][6][7][8][9][10][11][12][13][14][15][16][17][18][19][20][21][22][23][24][25][26][27][28][29][30][31][32][33][34][35][36][37][38][39][40][41][42][43][44][45][46][47][48][49][50][51][52][53][54][55][56][57][58][59]
        [error] no space for an element, trying to recover
        [59][60][61]
        [error] no space for an element, trying to recover
        [61][62][63]
        [error] no space for an element, trying to recover
        [63][64][65][66][67][68][69][70][71][72][73]
        [error] no space for an element, trying to recover
        [73][74][75][76][77][78]
        [error] no space for an element, trying to recover
        [78][79][80][81][82][83][84][85][86][87][88][89][90][91][92][93][94][95]
        [error] no space for an element, trying to recover
        [95][96][97][98][99][100][101][102][103][104][105][106][107][108][109][110][111][112][113][114][115][116][117][118][119][120][121][122][123][124][125][126][127][128][129][130][131][132][133][134][135][136][137][138][139][140][141][142][143][144][145][146][147][148][149][150][151][152][153][154][155][156][157][158][159][160][161][162][163][164][165][166][167][168][169][170][171][172][173][174][175][176][177][178][179][180][181][182][183][184][185][186][187][188][189][190][191][192][193][194][195][196][197][198][199][200][201][202][203][204][205][206][207][208][209][210][211][212][213][214][215][216][217][218][219][220][221][222][223][224][225][226][227][228][229][230][231][232][233][234][235][236][237][238][239][240][241][242][243][244][245][246][247][248][249][250][251][252][253][254][255][256][257][258][259][260][261][262][263][264][265][266][267][268][269][270][271][272][273][274][275][276][277][278][279][280][281][282][283][284][285][286][287][288][289][290][291][292][293][294][295][296][297][298][299][300][301][302][303][304][305][306][307][308][309][310][311][312][313][314][315][316][317][318][319][320][321][322][323][324][325][326][327][328][329][330][331][332][333][334][335][336][337][338][339][340][341][342][343][344][345][346][347][348][349][350][351][352][353][354][355][356][357][358][359][360][361][362][363][364][365][366][367][368][369][370][371][372][373][374][375][376][377][378][379][380][381][382][383][384][385][386][387][388][389][390][391][392][393][394][395][396][397][398][399][400]
        [error] no entries for index key 'definition, Header < boost/svg_plot/detail/FP_compare.hpp >'
        [401][402][403][404][405][406]
        [error] no entries for index key 'Header < boost/svg_plot/detail/FP_compare.hpp >, definition'
        [407][408][409][410][411][412][413][414][415][416][417][418][419][420][421][422][423][424][425][426][427][428][429][430][431][432][433][434][435][436][437][438][439][440][441][442][443][444][445][446][447][448][449][450][451][452][453][454]
        [error] no entries for index key 'definition, Header < boost/svg_plot/detail/FP_compare.hpp >'
        [455][456][457][458][459][460][461]
        [error] no entries for index key 'Header < boost/svg_plot/detail/FP_compare.hpp >, definition'
        [462][463][464][465][466][467][468][469][470][471][472][473][474][475][476][477][478][479][480][481][482][483][484][485][486][487][488][489][490][491][492][493][494][495][496][497][498][499][500][501][502][503][504][505][506][507][508][509]
        [error] no entries for index key 'definition, Header < boost/svg_plot/detail/FP_compare.hpp >'
        [510][511][512][513][514][515][516]
        [error] no entries for index key 'Header < boost/svg_plot/detail/FP_compare.hpp >, definition'
        [517][518][519][520][521][522][523][524][525][526][527][528][529][530][531][532][533][534][535][536][537][538][539][540][541][542][543][544][545][546][547][548][549][550][551][552][553][554])
      (static-content [1]|xsl-region-after-first||xsl-region-before-first|[2]|xsl-region-after-odd||xsl-region-before-odd|[3]|xsl-region-after-odd||xsl-region-before-odd|[4]|xsl-region-after-odd||xsl-region-before-odd|[5]|xsl-region-after-odd||xsl-region-before-odd|[6]|xsl-region-after-odd||xsl-region-before-odd|[7]|xsl-region-after-odd||xsl-region-before-odd|[8]|xsl-region-after-odd||xsl-region-before-odd|[9]|xsl-region-after-odd||xsl-region-before-odd|[10]|xsl-region-after-odd||xsl-region-before-odd|[11]|xsl-region-after-odd||xsl-region-before-odd|[12]|xsl-region-after-odd||xsl-region-before-odd|[13]|xsl-region-after-odd||xsl-region-before-odd|[14]|xsl-region-after-odd||xsl-region-before-odd|[15]|xsl-region-after-odd||xsl-region-before-odd|[16]|xsl-region-after-odd||xsl-region-before-odd|[17]|xsl-region-after-odd||xsl-region-before-odd|[18]|xsl-region-after-odd||xsl-region-before-odd|[19]|xsl-region-after-odd||xsl-region-before-odd|[20]|xsl-region-after-odd||xsl-region-before-odd|[21]|xsl-region-after-odd||xsl-region-before-odd|[22]|xsl-region-after-odd||xsl-region-before-odd|[23]|xsl-region-after-odd||xsl-region-before-odd|[24]|xsl-region-after-odd||xsl-region-before-odd|[25]|xsl-region-after-odd||xsl-region-before-odd|[26]|xsl-region-after-odd||xsl-region-before-odd|[27]|xsl-region-after-odd||xsl-region-before-odd|[28]|xsl-region-after-odd||xsl-region-before-odd|[29]|xsl-region-after-odd||xsl-region-before-odd|[30]|xsl-region-after-odd||xsl-region-before-odd|[31]|xsl-region-after-odd||xsl-region-before-odd|[32]|xsl-region-after-odd||xsl-region-before-odd|[33]|xsl-region-after-odd||xsl-region-before-odd|[34]|xsl-region-after-odd||xsl-region-before-odd|[35]|xsl-region-after-odd||xsl-region-before-odd|[36]|xsl-region-after-odd||xsl-region-before-odd|[37]|xsl-region-after-odd||xsl-region-before-odd|[38]|xsl-region-after-odd||xsl-region-before-odd|[39]|xsl-region-after-odd||xsl-region-before-odd|[40]|xsl-region-after-odd||xsl-region-before-odd|[41]|xsl-region-after-odd||xsl-region-before-odd|[42]|xsl-region-after-odd||xsl-region-before-odd|[43]|xsl-region-after-odd||xsl-region-before-odd|[44]|xsl-region-after-odd||xsl-region-before-odd|[45]|xsl-region-after-odd||xsl-region-before-odd|[46]|xsl-region-after-odd||xsl-region-before-odd|[47]|xsl-region-after-odd||xsl-region-before-odd|[48]|xsl-region-after-odd||xsl-region-before-odd|[49]|xsl-region-after-odd||xsl-region-before-odd|[50]|xsl-region-after-odd||xsl-region-before-odd|[51]|xsl-region-after-odd||xsl-region-before-odd|[52]|xsl-region-after-odd||xsl-region-before-odd|[53]|xsl-region-after-odd||xsl-region-before-odd|[54]|xsl-region-after-odd||xsl-region-before-odd|[55]|xsl-region-after-odd||xsl-region-before-odd|[56]|xsl-region-after-odd||xsl-region-before-odd|[57]|xsl-region-after-odd||xsl-region-before-odd|[58]|xsl-region-after-odd||xsl-region-before-odd|[59]|xsl-region-after-odd||xsl-region-before-odd|[60]|xsl-region-after-odd||xsl-region-before-odd|[61]|xsl-region-after-odd||xsl-region-before-odd|[62]|xsl-region-after-odd||xsl-region-before-odd|[63]|xsl-region-after-odd||xsl-region-before-odd|[64]|xsl-region-after-odd||xsl-region-before-odd|[65]|xsl-region-after-odd||xsl-region-before-odd|[66]|xsl-region-after-odd||xsl-region-before-odd|[67]|xsl-region-after-odd||xsl-region-before-odd|[68]|xsl-region-after-odd||xsl-region-before-odd|[69]|xsl-region-after-odd||xsl-region-before-odd|[70]|xsl-region-after-odd||xsl-region-before-odd|[71]|xsl-region-after-odd||xsl-region-before-odd|[72]|xsl-region-after-odd||xsl-region-before-odd|[73]|xsl-region-after-odd||xsl-region-before-odd|[74]|xsl-region-after-odd||xsl-region-before-odd|[75]|xsl-region-after-odd||xsl-region-before-odd|[76]|xsl-region-after-odd||xsl-region-before-odd|[77]|xsl-region-after-odd||xsl-region-before-odd|[78]|xsl-region-after-odd||xsl-region-before-odd|[79]|xsl-region-after-odd||xsl-region-before-odd|[80]|xsl-region-after-odd||xsl-region-before-odd|[81]|xsl-region-after-odd||xsl-region-before-odd|[82]|xsl-region-after-odd||xsl-region-before-odd|[83]|xsl-region-after-odd||xsl-region-before-odd|[84]|xsl-region-after-odd||xsl-region-before-odd|[85]|xsl-region-after-odd||xsl-region-before-odd|[86]|xsl-region-after-odd||xsl-region-before-odd|[87]|xsl-region-after-odd||xsl-region-before-odd|[88]|xsl-region-after-odd||xsl-region-before-odd|[89]|xsl-region-after-odd||xsl-region-before-odd|[90]|xsl-region-after-odd||xsl-region-before-odd|[91]|xsl-region-after-odd||xsl-region-before-odd|[92]|xsl-region-after-odd||xsl-region-before-odd|[93]|xsl-region-after-odd||xsl-region-before-odd|[94]|xsl-region-after-odd||xsl-region-before-odd|[95]|xsl-region-after-odd||xsl-region-before-odd|[96]|xsl-region-after-odd||xsl-region-before-odd|[97]|xsl-region-after-odd||xsl-region-before-odd|[98]|xsl-region-after-odd||xsl-region-before-odd|[99]|xsl-region-after-odd||xsl-region-before-odd|[100]|xsl-region-after-odd||xsl-region-before-odd|[101]|xsl-region-after-odd||xsl-region-before-odd|[102]|xsl-region-after-odd||xsl-region-before-odd|[103]|xsl-region-after-odd||xsl-region-before-odd|[104]|xsl-region-after-odd||xsl-region-before-odd|[105]|xsl-region-after-odd||xsl-region-before-odd|[106]|xsl-region-after-odd||xsl-region-before-odd|[107]|xsl-region-after-odd||xsl-region-before-odd|[108]|xsl-region-after-odd||xsl-region-before-odd|[109]|xsl-region-after-odd||xsl-region-before-odd|[110]|xsl-region-after-odd||xsl-region-before-odd|[111]|xsl-region-after-odd||xsl-region-before-odd|[112]|xsl-region-after-odd||xsl-region-before-odd|[113]|xsl-region-after-odd||xsl-region-before-odd|[114]|xsl-region-after-odd||xsl-region-before-odd|[115]|xsl-region-after-odd||xsl-region-before-odd|[116]|xsl-region-after-odd||xsl-region-before-odd|[117]|xsl-region-after-odd||xsl-region-before-odd|[118]|xsl-region-after-odd||xsl-region-before-odd|[119]|xsl-region-after-odd||xsl-region-before-odd|[120]|xsl-region-after-odd||xsl-region-before-odd|[121]|xsl-region-after-odd||xsl-region-before-odd|[122]|xsl-region-after-odd||xsl-region-before-odd|[123]|xsl-region-after-odd||xsl-region-before-odd|[124]|xsl-region-after-odd||xsl-region-before-odd|[125]|xsl-region-after-odd||xsl-region-before-odd|[126]|xsl-region-after-odd||xsl-region-before-odd|[127]|xsl-region-after-odd||xsl-region-before-odd|[128]|xsl-region-after-odd||xsl-region-before-odd|[129]|xsl-region-after-odd||xsl-region-before-odd|[130]|xsl-region-after-odd||xsl-region-before-odd|[131]|xsl-region-after-odd||xsl-region-before-odd|[132]|xsl-region-after-odd||xsl-region-before-odd|[133]|xsl-region-after-odd||xsl-region-before-odd|[134]|xsl-region-after-odd||xsl-region-before-odd|[135]|xsl-region-after-odd||xsl-region-before-odd|[136]|xsl-region-after-odd||xsl-region-before-odd|[137]|xsl-region-after-odd||xsl-region-before-odd|[138]|xsl-region-after-odd||xsl-region-before-odd|[139]|xsl-region-after-odd||xsl-region-before-odd|[140]|xsl-region-after-odd||xsl-region-before-odd|[141]|xsl-region-after-odd||xsl-region-before-odd|[142]|xsl-region-after-odd||xsl-region-before-odd|[143]|xsl-region-after-odd||xsl-region-before-odd|[144]|xsl-region-after-odd||xsl-region-before-odd|[145]|xsl-region-after-odd||xsl-region-before-odd|[146]|xsl-region-after-odd||xsl-region-before-odd|[147]|xsl-region-after-odd||xsl-region-before-odd|[148]|xsl-region-after-odd||xsl-region-before-odd|[149]|xsl-region-after-odd||xsl-region-before-odd|[150]|xsl-region-after-odd||xsl-region-before-odd|[151]|xsl-region-after-odd||xsl-region-before-odd|[152]|xsl-region-after-odd||xsl-region-before-odd|[153]|xsl-region-after-odd||xsl-region-before-odd|[154]|xsl-region-after-odd||xsl-region-before-odd|[155]|xsl-region-after-odd||xsl-region-before-odd|[156]|xsl-region-after-odd||xsl-region-before-odd|[157]|xsl-region-after-odd||xsl-region-before-odd|[158]|xsl-region-after-odd||xsl-region-before-odd|[159]|xsl-region-after-odd||xsl-region-before-odd|[160]|xsl-region-after-odd||xsl-region-before-odd|[161]|xsl-region-after-odd||xsl-region-before-odd|[162]|xsl-region-after-odd||xsl-region-before-odd|[163]|xsl-region-after-odd||xsl-region-before-odd|[164]|xsl-region-after-odd||xsl-region-before-odd|[165]|xsl-region-after-odd||xsl-region-before-odd|[166]|xsl-region-after-odd||xsl-region-before-odd|[167]|xsl-region-after-odd||xsl-region-before-odd|[168]|xsl-region-after-odd||xsl-region-before-odd|[169]|xsl-region-after-odd||xsl-region-before-odd|[170]|xsl-region-after-odd||xsl-region-before-odd|[171]|xsl-region-after-odd||xsl-region-before-odd|[172]|xsl-region-after-odd||xsl-region-before-odd|[173]|xsl-region-after-odd||xsl-region-before-odd|[174]|xsl-region-after-odd||xsl-region-before-odd|[175]|xsl-region-after-odd||xsl-region-before-odd|[176]|xsl-region-after-odd||xsl-region-before-odd|[177]|xsl-region-after-odd||xsl-region-before-odd|[178]|xsl-region-after-odd||xsl-region-before-odd|[179]|xsl-region-after-odd||xsl-region-before-odd|[180]|xsl-region-after-odd||xsl-region-before-odd|[181]|xsl-region-after-odd||xsl-region-before-odd|[182]|xsl-region-after-odd||xsl-region-before-odd|[183]|xsl-region-after-odd||xsl-region-before-odd|[184]|xsl-region-after-odd||xsl-region-before-odd|[185]|xsl-region-after-odd||xsl-region-before-odd|[186]|xsl-region-after-odd||xsl-region-before-odd|[187]|xsl-region-after-odd||xsl-region-before-odd|[188]|xsl-region-after-odd||xsl-region-before-odd|[189]|xsl-region-after-odd||xsl-region-before-odd|[190]|xsl-region-after-odd||xsl-region-before-odd|[191]|xsl-region-after-odd||xsl-region-before-odd|[192]|xsl-region-after-odd||xsl-region-before-odd|[193]|xsl-region-after-odd||xsl-region-before-odd|[194]|xsl-region-after-odd||xsl-region-before-odd|[195]|xsl-region-after-odd||xsl-region-before-odd|[196]|xsl-region-after-odd||xsl-region-before-odd|[197]|xsl-region-after-odd||xsl-region-before-odd|[198]|xsl-region-after-odd||xsl-region-before-odd|[199]|xsl-region-after-odd||xsl-region-before-odd|[200]|xsl-region-after-odd||xsl-region-before-odd|[201]|xsl-region-after-odd||xsl-region-before-odd|[202]|xsl-region-after-odd||xsl-region-before-odd|[203]|xsl-region-after-odd||xsl-region-before-odd|[204]|xsl-region-after-odd||xsl-region-before-odd|[205]|xsl-region-after-odd||xsl-region-before-odd|[206]|xsl-region-after-odd||xsl-region-before-odd|[207]|xsl-region-after-odd||xsl-region-before-odd|[208]|xsl-region-after-odd||xsl-region-before-odd|[209]|xsl-region-after-odd||xsl-region-before-odd|[210]|xsl-region-after-odd||xsl-region-before-odd|[211]|xsl-region-after-odd||xsl-region-before-odd|[212]|xsl-region-after-odd||xsl-region-before-odd|[213]|xsl-region-after-odd||xsl-region-before-odd|[214]|xsl-region-after-odd||xsl-region-before-odd|[215]|xsl-region-after-odd||xsl-region-before-odd|[216]|xsl-region-after-odd||xsl-region-before-odd|[217]|xsl-region-after-odd||xsl-region-before-odd|[218]|xsl-region-after-odd||xsl-region-before-odd|[219]|xsl-region-after-odd||xsl-region-before-odd|[220]|xsl-region-after-odd||xsl-region-before-odd|[221]|xsl-region-after-odd||xsl-region-before-odd|[222]|xsl-region-after-odd||xsl-region-before-odd|[223]|xsl-region-after-odd||xsl-region-before-odd|[224]|xsl-region-after-odd||xsl-region-before-odd|[225]|xsl-region-after-odd||xsl-region-before-odd|[226]|xsl-region-after-odd||xsl-region-before-odd|[227]|xsl-region-after-odd||xsl-region-before-odd|[228]|xsl-region-after-odd||xsl-region-before-odd|[229]|xsl-region-after-odd||xsl-region-before-odd|[230]|xsl-region-after-odd||xsl-region-before-odd|[231]|xsl-region-after-odd||xsl-region-before-odd|[232]|xsl-region-after-odd||xsl-region-before-odd|[233]|xsl-region-after-odd||xsl-region-before-odd|[234]|xsl-region-after-odd||xsl-region-before-odd|[235]|xsl-region-after-odd||xsl-region-before-odd|[236]|xsl-region-after-odd||xsl-region-before-odd|[237]|xsl-region-after-odd||xsl-region-before-odd|[238]|xsl-region-after-odd||xsl-region-before-odd|[239]|xsl-region-after-odd||xsl-region-before-odd|[240]|xsl-region-after-odd||xsl-region-before-odd|[241]|xsl-region-after-odd||xsl-region-before-odd|[242]|xsl-region-after-odd||xsl-region-before-odd|[243]|xsl-region-after-odd||xsl-region-before-odd|[244]|xsl-region-after-odd||xsl-region-before-odd|[245]|xsl-region-after-odd||xsl-region-before-odd|[246]|xsl-region-after-odd||xsl-region-before-odd|[247]|xsl-region-after-odd||xsl-region-before-odd|[248]|xsl-region-after-odd||xsl-region-before-odd|[249]|xsl-region-after-odd||xsl-region-before-odd|[250]|xsl-region-after-odd||xsl-region-before-odd|[251]|xsl-region-after-odd||xsl-region-before-odd|[252]|xsl-region-after-odd||xsl-region-before-odd|[253]|xsl-region-after-odd||xsl-region-before-odd|[254]|xsl-region-after-odd||xsl-region-before-odd|[255]|xsl-region-after-odd||xsl-region-before-odd|[256]|xsl-region-after-odd||xsl-region-before-odd|[257]|xsl-region-after-odd||xsl-region-before-odd|[258]|xsl-region-after-odd||xsl-region-before-odd|[259]|xsl-region-after-odd||xsl-region-before-odd|[260]|xsl-region-after-odd||xsl-region-before-odd|[261]|xsl-region-after-odd||xsl-region-before-odd|[262]|xsl-region-after-odd||xsl-region-before-odd|[263]|xsl-region-after-odd||xsl-region-before-odd|[264]|xsl-region-after-odd||xsl-region-before-odd|[265]|xsl-region-after-odd||xsl-region-before-odd|[266]|xsl-region-after-odd||xsl-region-before-odd|[267]|xsl-region-after-odd||xsl-region-before-odd|[268]|xsl-region-after-odd||xsl-region-before-odd|[269]|xsl-region-after-odd||xsl-region-before-odd|[270]|xsl-region-after-odd||xsl-region-before-odd|[271]|xsl-region-after-odd||xsl-region-before-odd|[272]|xsl-region-after-odd||xsl-region-before-odd|[273]|xsl-region-after-odd||xsl-region-before-odd|[274]|xsl-region-after-odd||xsl-region-before-odd|[275]|xsl-region-after-odd||xsl-region-before-odd|[276]|xsl-region-after-odd||xsl-region-before-odd|[277]|xsl-region-after-odd||xsl-region-before-odd|[278]|xsl-region-after-odd||xsl-region-before-odd|[279]|xsl-region-after-odd||xsl-region-before-odd|[280]|xsl-region-after-odd||xsl-region-before-odd|[281]|xsl-region-after-odd||xsl-region-before-odd|[282]|xsl-region-after-odd||xsl-region-before-odd|[283]|xsl-region-after-odd||xsl-region-before-odd|[284]|xsl-region-after-odd||xsl-region-before-odd|[285]|xsl-region-after-odd||xsl-region-before-odd|[286]|xsl-region-after-odd||xsl-region-before-odd|[287]|xsl-region-after-odd||xsl-region-before-odd|[288]|xsl-region-after-odd||xsl-region-before-odd|[289]|xsl-region-after-odd||xsl-region-before-odd|[290]|xsl-region-after-odd||xsl-region-before-odd|[291]|xsl-region-after-odd||xsl-region-before-odd|[292]|xsl-region-after-odd||xsl-region-before-odd|[293]|xsl-region-after-odd||xsl-region-before-odd|[294]|xsl-region-after-odd||xsl-region-before-odd|[295]|xsl-region-after-odd||xsl-region-before-odd|[296]|xsl-region-after-odd||xsl-region-before-odd|[297]|xsl-region-after-odd||xsl-region-before-odd|[298]|xsl-region-after-odd||xsl-region-before-odd|[299]|xsl-region-after-odd||xsl-region-before-odd|[300]|xsl-region-after-odd||xsl-region-before-odd|[301]|xsl-region-after-odd||xsl-region-before-odd|[302]|xsl-region-after-odd||xsl-region-before-odd|[303]|xsl-region-after-odd||xsl-region-before-odd|[304]|xsl-region-after-odd||xsl-region-before-odd|[305]|xsl-region-after-odd||xsl-region-before-odd|[306]|xsl-region-after-odd||xsl-region-before-odd|[307]|xsl-region-after-odd||xsl-region-before-odd|[308]|xsl-region-after-odd||xsl-region-before-odd|[309]|xsl-region-after-odd||xsl-region-before-odd|[310]|xsl-region-after-odd||xsl-region-before-odd|[311]|xsl-region-after-odd||xsl-region-before-odd|[312]|xsl-region-after-odd||xsl-region-before-odd|[313]|xsl-region-after-odd||xsl-region-before-odd|[314]|xsl-region-after-odd||xsl-region-before-odd|[315]|xsl-region-after-odd||xsl-region-before-odd|[316]|xsl-region-after-odd||xsl-region-before-odd|[317]|xsl-region-after-odd||xsl-region-before-odd|[318]|xsl-region-after-odd||xsl-region-before-odd|[319]|xsl-region-after-odd||xsl-region-before-odd|[320]|xsl-region-after-odd||xsl-region-before-odd|[321]|xsl-region-after-odd||xsl-region-before-odd|[322]|xsl-region-after-odd||xsl-region-before-odd|[323]|xsl-region-after-odd||xsl-region-before-odd|[324]|xsl-region-after-odd||xsl-region-before-odd|[325]|xsl-region-after-odd||xsl-region-before-odd|[326]|xsl-region-after-odd||xsl-region-before-odd|[327]|xsl-region-after-odd||xsl-region-before-odd|[328]|xsl-region-after-odd||xsl-region-before-odd|[329]|xsl-region-after-odd||xsl-region-before-odd|[330]|xsl-region-after-odd||xsl-region-before-odd|[331]|xsl-region-after-odd||xsl-region-before-odd|[332]|xsl-region-after-odd||xsl-region-before-odd|[333]|xsl-region-after-odd||xsl-region-before-odd|[334]|xsl-region-after-odd||xsl-region-before-odd|[335]|xsl-region-after-odd||xsl-region-before-odd|[336]|xsl-region-after-odd||xsl-region-before-odd|[337]|xsl-region-after-odd||xsl-region-before-odd|[338]|xsl-region-after-odd||xsl-region-before-odd|[339]|xsl-region-after-odd||xsl-region-before-odd|[340]|xsl-region-after-odd||xsl-region-before-odd|[341]|xsl-region-after-odd||xsl-region-before-odd|[342]|xsl-region-after-odd||xsl-region-before-odd|[343]|xsl-region-after-odd||xsl-region-before-odd|[344]|xsl-region-after-odd||xsl-region-before-odd|[345]|xsl-region-after-odd||xsl-region-before-odd|[346]|xsl-region-after-odd||xsl-region-before-odd|[347]|xsl-region-after-odd||xsl-region-before-odd|[348]|xsl-region-after-odd||xsl-region-before-odd|[349]|xsl-region-after-odd||xsl-region-before-odd|[350]|xsl-region-after-odd||xsl-region-before-odd|[351]|xsl-region-after-odd||xsl-region-before-odd|[352]|xsl-region-after-odd||xsl-region-before-odd|[353]|xsl-region-after-odd||xsl-region-before-odd|[354]|xsl-region-after-odd||xsl-region-before-odd|[355]|xsl-region-after-odd||xsl-region-before-odd|[356]|xsl-region-after-odd||xsl-region-before-odd|[357]|xsl-region-after-odd||xsl-region-before-odd|[358]|xsl-region-after-odd||xsl-region-before-odd|[359]|xsl-region-after-odd||xsl-region-before-odd|[360]|xsl-region-after-odd||xsl-region-before-odd|[361]|xsl-region-after-odd||xsl-region-before-odd|[362]|xsl-region-after-odd||xsl-region-before-odd|[363]|xsl-region-after-odd||xsl-region-before-odd|[364]|xsl-region-after-odd||xsl-region-before-odd|[365]|xsl-region-after-odd||xsl-region-before-odd|[366]|xsl-region-after-odd||xsl-region-before-odd|[367]|xsl-region-after-odd||xsl-region-before-odd|[368]|xsl-region-after-odd||xsl-region-before-odd|[369]|xsl-region-after-odd||xsl-region-before-odd|[370]|xsl-region-after-odd||xsl-region-before-odd|[371]|xsl-region-after-odd||xsl-region-before-odd|[372]|xsl-region-after-odd||xsl-region-before-odd|[373]|xsl-region-after-odd||xsl-region-before-odd|[374]|xsl-region-after-odd||xsl-region-before-odd|[375]|xsl-region-after-odd||xsl-region-before-odd|[376]|xsl-region-after-odd||xsl-region-before-odd|[377]|xsl-region-after-odd||xsl-region-before-odd|[378]|xsl-region-after-odd||xsl-region-before-odd|[379]|xsl-region-after-odd||xsl-region-before-odd|[380]|xsl-region-after-odd||xsl-region-before-odd|[381]|xsl-region-after-odd||xsl-region-before-odd|[382]|xsl-region-after-odd||xsl-region-before-odd|[383]|xsl-region-after-odd||xsl-region-before-odd|[384]|xsl-region-after-odd||xsl-region-before-odd|[385]|xsl-region-after-odd||xsl-region-before-odd|[386]|xsl-region-after-odd||xsl-region-before-odd|[387]|xsl-region-after-odd||xsl-region-before-odd|[388]|xsl-region-after-odd||xsl-region-before-odd|[389]|xsl-region-after-odd||xsl-region-before-odd|[390]|xsl-region-after-odd||xsl-region-before-odd|[391]|xsl-region-after-odd||xsl-region-before-odd|[392]|xsl-region-after-odd||xsl-region-before-odd|[393]|xsl-region-after-odd||xsl-region-before-odd|[394]|xsl-region-after-odd||xsl-region-before-odd|[395]|xsl-region-after-odd||xsl-region-before-odd|[396]|xsl-region-after-odd||xsl-region-before-odd|[397]|xsl-region-after-odd||xsl-region-before-odd|[398]|xsl-region-after-odd||xsl-region-before-odd|[399]|xsl-region-after-odd||xsl-region-before-odd|[400]|xsl-region-after-odd||xsl-region-before-odd|[401]|xsl-region-after-odd||xsl-region-before-odd|[402]|xsl-region-after-odd||xsl-region-before-odd|[403]|xsl-region-after-odd||xsl-region-before-odd|[404]|xsl-region-after-odd||xsl-region-before-odd|[405]|xsl-region-after-odd||xsl-region-before-odd|[406]|xsl-region-after-odd||xsl-region-before-odd|[407]|xsl-region-after-odd||xsl-region-before-odd|[408]|xsl-region-after-odd||xsl-region-before-odd|[409]|xsl-region-after-odd||xsl-region-before-odd|[410]|xsl-region-after-odd||xsl-region-before-odd|[411]|xsl-region-after-odd||xsl-region-before-odd|[412]|xsl-region-after-odd||xsl-region-before-odd|[413]|xsl-region-after-odd||xsl-region-before-odd|[414]|xsl-region-after-odd||xsl-region-before-odd|[415]|xsl-region-after-odd||xsl-region-before-odd|[416]|xsl-region-after-odd||xsl-region-before-odd|[417]|xsl-region-after-odd||xsl-region-before-odd|[418]|xsl-region-after-odd||xsl-region-before-odd|[419]|xsl-region-after-odd||xsl-region-before-odd|[420]|xsl-region-after-odd||xsl-region-before-odd|[421]|xsl-region-after-odd||xsl-region-before-odd|[422]|xsl-region-after-odd||xsl-region-before-odd|[423]|xsl-region-after-odd||xsl-region-before-odd|[424]|xsl-region-after-odd||xsl-region-before-odd|[425]|xsl-region-after-odd||xsl-region-before-odd|[426]|xsl-region-after-odd||xsl-region-before-odd|[427]|xsl-region-after-odd||xsl-region-before-odd|[428]|xsl-region-after-odd||xsl-region-before-odd|[429]|xsl-region-after-odd||xsl-region-before-odd|[430]|xsl-region-after-odd||xsl-region-before-odd|[431]|xsl-region-after-odd||xsl-region-before-odd|[432]|xsl-region-after-odd||xsl-region-before-odd|[433]|xsl-region-after-odd||xsl-region-before-odd|[434]|xsl-region-after-odd||xsl-region-before-odd|[435]|xsl-region-after-odd||xsl-region-before-odd|[436]|xsl-region-after-odd||xsl-region-before-odd|[437]|xsl-region-after-odd||xsl-region-before-odd|[438]|xsl-region-after-odd||xsl-region-before-odd|[439]|xsl-region-after-odd||xsl-region-before-odd|[440]|xsl-region-after-odd||xsl-region-before-odd|[441]|xsl-region-after-odd||xsl-region-before-odd|[442]|xsl-region-after-odd||xsl-region-before-odd|[443]|xsl-region-after-odd||xsl-region-before-odd|[444]|xsl-region-after-odd||xsl-region-before-odd|[445]|xsl-region-after-odd||xsl-region-before-odd|[446]|xsl-region-after-odd||xsl-region-before-odd|[447]|xsl-region-after-odd||xsl-region-before-odd|[448]|xsl-region-after-odd||xsl-region-before-odd|[449]|xsl-region-after-odd||xsl-region-before-odd|[450]|xsl-region-after-odd||xsl-region-before-odd|[451]|xsl-region-after-odd||xsl-region-before-odd|[452]|xsl-region-after-odd||xsl-region-before-odd|[453]|xsl-region-after-odd||xsl-region-before-odd|[454]|xsl-region-after-odd||xsl-region-before-odd|[455]|xsl-region-after-odd||xsl-region-before-odd|[456]|xsl-region-after-odd||xsl-region-before-odd|[457]|xsl-region-after-odd||xsl-region-before-odd|[458]|xsl-region-after-odd||xsl-region-before-odd|[459]|xsl-region-after-odd||xsl-region-before-odd|[460]|xsl-region-after-odd||xsl-region-before-odd|[461]|xsl-region-after-odd||xsl-region-before-odd|[462]|xsl-region-after-odd||xsl-region-before-odd|[463]|xsl-region-after-odd||xsl-region-before-odd|[464]|xsl-region-after-odd||xsl-region-before-odd|[465]|xsl-region-after-odd||xsl-region-before-odd|[466]|xsl-region-after-odd||xsl-region-before-odd|[467]|xsl-region-after-odd||xsl-region-before-odd|[468]|xsl-region-after-odd||xsl-region-before-odd|[469]|xsl-region-after-odd||xsl-region-before-odd|[470]|xsl-region-after-odd||xsl-region-before-odd|[471]|xsl-region-after-odd||xsl-region-before-odd|[472]|xsl-region-after-odd||xsl-region-before-odd|[473]|xsl-region-after-odd||xsl-region-before-odd|[474]|xsl-region-after-odd||xsl-region-before-odd|[475]|xsl-region-after-odd||xsl-region-before-odd|[476]|xsl-region-after-odd||xsl-region-before-odd|[477]|xsl-region-after-odd||xsl-region-before-odd|[478]|xsl-region-after-odd||xsl-region-before-odd|[479]|xsl-region-after-odd||xsl-region-before-odd|[480]|xsl-region-after-odd||xsl-region-before-odd|[481]|xsl-region-after-odd||xsl-region-before-odd|[482]|xsl-region-after-odd||xsl-region-before-odd|[483]|xsl-region-after-odd||xsl-region-before-odd|[484]|xsl-region-after-odd||xsl-region-before-odd|[485]|xsl-region-after-odd||xsl-region-before-odd|[486]|xsl-region-after-odd||xsl-region-before-odd|[487]|xsl-region-after-odd||xsl-region-before-odd|[488]|xsl-region-after-odd||xsl-region-before-odd|[489]|xsl-region-after-odd||xsl-region-before-odd|[490]|xsl-region-after-odd||xsl-region-before-odd|[491]|xsl-region-after-odd||xsl-region-before-odd|[492]|xsl-region-after-odd||xsl-region-before-odd|[493]|xsl-region-after-odd||xsl-region-before-odd|[494]|xsl-region-after-odd||xsl-region-before-odd|[495]|xsl-region-after-odd||xsl-region-before-odd|[496]|xsl-region-after-odd||xsl-region-before-odd|[497]|xsl-region-after-odd||xsl-region-before-odd|[498]|xsl-region-after-odd||xsl-region-before-odd|[499]|xsl-region-after-odd||xsl-region-before-odd|[500]|xsl-region-after-odd||xsl-region-before-odd|[501]|xsl-region-after-odd||xsl-region-before-odd|[502]|xsl-region-after-odd||xsl-region-before-odd|[503]|xsl-region-after-odd||xsl-region-before-odd|[504]|xsl-region-after-odd||xsl-region-before-odd|[505]|xsl-region-after-odd||xsl-region-before-odd|[506]|xsl-region-after-odd||xsl-region-before-odd|[507]|xsl-region-after-odd||xsl-region-before-odd|[508]|xsl-region-after-odd||xsl-region-before-odd|[509]|xsl-region-after-odd||xsl-region-before-odd|[510]|xsl-region-after-odd||xsl-region-before-odd|[511]|xsl-region-after-odd||xsl-region-before-odd|[512]|xsl-region-after-odd||xsl-region-before-odd|[513]|xsl-region-after-odd||xsl-region-before-odd|[514]|xsl-region-after-odd||xsl-region-before-odd|[515]|xsl-region-after-odd||xsl-region-before-odd|[516]|xsl-region-after-odd||xsl-region-before-odd|[517]|xsl-region-after-odd||xsl-region-before-odd|[518]|xsl-region-after-odd||xsl-region-before-odd|[519]|xsl-region-after-odd||xsl-region-before-odd|[520]|xsl-region-after-odd||xsl-region-before-odd|[521]|xsl-region-after-odd||xsl-region-before-odd|[522]|xsl-region-after-odd||xsl-region-before-odd|[523]|xsl-region-after-odd||xsl-region-before-odd|[524]|xsl-region-after-odd||xsl-region-before-odd|[525]|xsl-region-after-odd||xsl-region-before-odd|[526]|xsl-region-after-odd||xsl-region-before-odd|[527]|xsl-region-after-odd||xsl-region-before-odd|[528]|xsl-region-after-odd||xsl-region-before-odd|[529]|xsl-region-after-odd||xsl-region-before-odd|[530]|xsl-region-after-odd||xsl-region-before-odd|[531]|xsl-region-after-odd||xsl-region-before-odd|[532]|xsl-region-after-odd||xsl-region-before-odd|[533]|xsl-region-after-odd||xsl-region-before-odd|[534]|xsl-region-after-odd||xsl-region-before-odd|[535]|xsl-region-after-odd||xsl-region-before-odd|[536]|xsl-region-after-odd||xsl-region-before-odd|[537]|xsl-region-after-odd||xsl-region-before-odd|[538]|xsl-region-after-odd||xsl-region-before-odd|[539]|xsl-region-after-odd||xsl-region-before-odd|[540]|xsl-region-after-odd||xsl-region-before-odd|[541]|xsl-region-after-odd||xsl-region-before-odd|[542]|xsl-region-after-odd||xsl-region-before-odd|[543]|xsl-region-after-odd||xsl-region-before-odd|[544]|xsl-region-after-odd||xsl-region-before-odd|[545]|xsl-region-after-odd||xsl-region-before-odd|[546]|xsl-region-after-odd||xsl-region-before-odd|[547]|xsl-region-after-odd||xsl-region-before-odd|[548]|xsl-region-after-odd||xsl-region-before-odd|[549]|xsl-region-after-odd||xsl-region-before-odd|[550]|xsl-region-after-odd||xsl-region-before-odd|[551]|xsl-region-after-odd||xsl-region-before-odd|[552]|xsl-region-after-odd||xsl-region-before-odd|[553]|xsl-region-after-odd||xsl-region-before-odd|[554]|xsl-region-after-odd||xsl-region-before-odd|)))
  (generate [output-format pdf][1][2][3][4][5][6][7][8][9][10][11][12][13][14][15][16][17][18][19][20][21][22][23][24][25][26][27][28][29][30][31][32][33][34][35][36][37][38][39][40][41][42][43][44][45][46][47][48][49][50][51][52][53][54][55][56][57][58][59][60][61][62][63][64][65][66][67][68][69][70][71][72][73][74][75][76][77][78][79][80][81][82][83][84][85][86][87][88][89][90][91][92][93][94][95][96][97][98][99][100][101][102][103][104][105][106][107][108][109][110][111][112][113][114][115][116][117][118][119][120][121][122][123][124][125][126][127][128][129][130][131][132][133][134][135][136][137][138][139][140][141][142][143][144][145][146][147][148][149][150][151][152][153][154][155][156][157][158][159][160][161][162][163][164][165][166][167][168][169][170][171][172][173][174][175][176][177][178][179][180][181][182][183][184][185][186][187][188][189][190][191][192][193][194][195][196][197][198][199][200][201][202][203][204][205][206][207][208][209][210][211][212][213][214][215][216][217][218][219][220][221][222][223][224][225][226][227][228][229][230][231][232][233][234][235][236][237][238][239][240][241][242][243][244][245][246][247][248][249][250][251][252][253][254][255][256][257][258][259][260][261][262][263][264][265][266][267][268][269][270][271][272][273][274][275][276][277][278][279][280][281][282][283][284][285][286][287][288][289][290][291][292][293][294][295][296][297][298][299][300][301][302][303][304][305][306][307][308][309][310][311][312][313][314][315][316][317][318][319][320][321][322][323][324][325][326][327][328][329][330][331][332][333][334][335][336][337][338][339][340][341][342][343][344][345][346][347][348][349][350][351][352][353][354][355][356][357][358][359][360][361][362][363][364][365][366][367][368][369][370][371][372][373][374][375][376][377][378][379][380][381][382][383][384][385][386][387][388][389][390][391][392][393][394][395][396][397][398][399][400][401][402][403][404][405][406][407][408][409][410][411][412][413][414][415][416][417][418][419][420][421][422][423][424][425][426][427][428][429][430][431][432][433][434][435][436][437][438][439][440][441][442][443][444][445][446][447][448][449][450][451][452][453][454][455][456][457][458][459][460][461][462][463][464][465][466][467][468][469][470][471][472][473][474][475][476][477][478][479][480][481][482][483][484][485][486][487][488][489][490][491][492][493][494][495][496][497][498][499][500][501][502][503][504][505][506][507][508][509][510][511][512][513][514][515][516][517][518][519][520][521][522][523][524][525][526][527][528][529][530][531][532][533][534][535][536][537][538][539][540][541][542][543][544][545][546][547][548][549][550][551][552][553][554]))
...updated 11 targets...
